#
# There is insufficient memory for the Java Runtime Environment to continue.
# Native memory allocation (malloc) failed to allocate 2097152 bytes for AllocateHeap
# Possible reasons:
#   The system is out of physical RAM or swap space
#   The process is running with CompressedOops enabled, and the Java Heap may be blocking the growth of the native heap
# Possible solutions:
#   Reduce memory load on the system
#   Increase physical memory or swap space
#   Check if swap backing store is full
#   Decrease Java heap size (-Xmx/-Xms)
#   Decrease number of Java threads
#   Decrease Java thread stack sizes (-Xss)
#   Set larger code cache with -XX:ReservedCodeCacheSize=
#   JVM is running with Unscaled Compressed Oops mode in which the Java heap is
#     placed in the first 4GB address space. The Java Heap base address is the
#     maximum limit for the native heap growth. Please use -XX:HeapBaseMinAddress
#     to set the Java Heap base and to place the Java Heap above 4GB virtual address.
# This output file may be truncated or incomplete.
#
#  Out of Memory Error (allocation.cpp:44), pid=9940, tid=22532
#
# JRE version: OpenJDK Runtime Environment Temurin-17.0.6+10 (17.0.6+10) (build 17.0.6+10)
# Java VM: OpenJDK 64-Bit Server VM Temurin-17.0.6+10 (17.0.6+10, mixed mode, emulated-client, tiered, compressed oops, compressed class ptrs, g1 gc, windows-amd64)
# No core dump will be written. Minidumps are not enabled by default on client versions of Windows
#

---------------  S U M M A R Y ------------

Command Line: -XX:+HeapDumpOnOutOfMemoryError -Xmx1024m -Dsts.lsp.client=vscode -Dsts.log.file=/dev/null -XX:TieredStopAtLevel=1 -Xlog:jni+resolve=off -Dspring.config.location=file:c:\Users\LENOVO\.vscode\extensions\vmware.vscode-spring-boot-1.46.0\language-server\BOOT-INF\classes\application.properties org.springframework.ide.vscode.boot.app.BootLanguageServerBootApp

Host: AMD Ryzen 5 4600H with Radeon Graphics         , 12 cores, 7G,  Windows 10 , 64 bit Build 19041 (10.0.19041.2364)
Time: Fri Jun  9 18:03:25 2023 SE Asia Standard Time elapsed time: 3680.271091 seconds (0d 1h 1m 20s)

---------------  T H R E A D  ---------------

Current thread (0x000001d558ac9250):  VMThread "VM Thread" [stack: 0x0000003e85c00000,0x0000003e85d00000] [id=22532]

Stack: [0x0000003e85c00000,0x0000003e85d00000]
Native frames: (J=compiled Java code, j=interpreted, Vv=VM code, C=native code)
V  [jvm.dll+0x67741a]
V  [jvm.dll+0x834434]
V  [jvm.dll+0x835bde]
V  [jvm.dll+0x836243]
V  [jvm.dll+0x2457b5]
V  [jvm.dll+0xa626f]
V  [jvm.dll+0x2f5b61]
V  [jvm.dll+0x2f17e0]
V  [jvm.dll+0x2d9ee7]
V  [jvm.dll+0x31ce67]
V  [jvm.dll+0x83a6eb]
V  [jvm.dll+0x83b424]
V  [jvm.dll+0x83b93c]
V  [jvm.dll+0x83bd14]
V  [jvm.dll+0x83bde0]
V  [jvm.dll+0x7e483a]
V  [jvm.dll+0x6762c5]
C  [ucrtbase.dll+0x21bb2]
C  [KERNEL32.DLL+0x17614]
C  [ntdll.dll+0x526a1]

VM_Operation (0x0000003e878fed40): G1CollectFull, mode: safepoint, requested by thread 0x000001d55b4db050


---------------  P R O C E S S  ---------------

Threads class SMR info:
_java_thread_list=0x000001d56267e910, length=21, elements={
0x000001d558add390, 0x000001d558ade110, 0x000001d5595095c0, 0x000001d55950c250,
0x000001d55950db20, 0x000001d55950e3e0, 0x000001d55950ed50, 0x000001d55950f650,
0x000001d55970d330, 0x000001d5597139e0, 0x000001d55b506030, 0x000001d55b4dab80,
0x000001d55b4db050, 0x000001d55b4dbfd0, 0x000001d54b8e7690, 0x000001d55b5ac0d0,
0x000001d55b5daba0, 0x000001d55b7120f0, 0x000001d55b716450, 0x000001d55b713430,
0x000001d55ba68650
}

Java Threads: ( => current thread )
  0x000001d558add390 JavaThread "Reference Handler" daemon [_thread_blocked, id=644, stack(0x0000003e85d00000,0x0000003e85e00000)]
  0x000001d558ade110 JavaThread "Finalizer" daemon [_thread_blocked, id=6100, stack(0x0000003e85e00000,0x0000003e85f00000)]
  0x000001d5595095c0 JavaThread "Signal Dispatcher" daemon [_thread_blocked, id=13436, stack(0x0000003e85f00000,0x0000003e86000000)]
  0x000001d55950c250 JavaThread "Attach Listener" daemon [_thread_blocked, id=24444, stack(0x0000003e86000000,0x0000003e86100000)]
  0x000001d55950db20 JavaThread "Service Thread" daemon [_thread_blocked, id=12236, stack(0x0000003e86100000,0x0000003e86200000)]
  0x000001d55950e3e0 JavaThread "Monitor Deflation Thread" daemon [_thread_blocked, id=7264, stack(0x0000003e86200000,0x0000003e86300000)]
  0x000001d55950ed50 JavaThread "C1 CompilerThread0" daemon [_thread_blocked, id=13764, stack(0x0000003e86300000,0x0000003e86400000)]
  0x000001d55950f650 JavaThread "Sweeper thread" daemon [_thread_blocked, id=9000, stack(0x0000003e86400000,0x0000003e86500000)]
  0x000001d55970d330 JavaThread "Notification Thread" daemon [_thread_blocked, id=18184, stack(0x0000003e86600000,0x0000003e86700000)]
  0x000001d5597139e0 JavaThread "Common-Cleaner" daemon [_thread_blocked, id=22032, stack(0x0000003e86800000,0x0000003e86900000)]
  0x000001d55b506030 JavaThread "boundedElastic-evictor-1" daemon [_thread_blocked, id=8036, stack(0x0000003e87100000,0x0000003e87200000)]
  0x000001d55b4dab80 JavaThread "boundedElastic-evictor-2" daemon [_thread_blocked, id=24860, stack(0x0000003e87700000,0x0000003e87800000)]
  0x000001d55b4db050 JavaThread "pool-10-thread-1" [_thread_blocked, id=22440, stack(0x0000003e87800000,0x0000003e87900000)]
  0x000001d55b4dbfd0 JavaThread "LanguageServerApp-lifecycle" [_thread_blocked, id=26548, stack(0x0000003e87900000,0x0000003e87a00000)]
  0x000001d54b8e7690 JavaThread "DestroyJavaVM" [_thread_blocked, id=6300, stack(0x0000003e85600000,0x0000003e85700000)]
  0x000001d55b5ac0d0 JavaThread "pool-11-thread-1" [_thread_in_native, id=15708, stack(0x0000003e87a00000,0x0000003e87b00000)]
  0x000001d55b5daba0 JavaThread "Simple-Language-Server main thread" daemon [_thread_blocked, id=19688, stack(0x0000003e87b00000,0x0000003e87c00000)]
  0x000001d55b7120f0 JavaThread "parallel-1" daemon [_thread_blocked, id=25716, stack(0x0000003e89000000,0x0000003e89100000)]
  0x000001d55b716450 JavaThread "pool-4-thread-1" [_thread_blocked, id=26304, stack(0x0000003e89100000,0x0000003e89200000)]
  0x000001d55b713430 JavaThread "parallel-2" daemon [_thread_blocked, id=22944, stack(0x0000003e89300000,0x0000003e89400000)]
  0x000001d55ba68650 JavaThread "parallel-3" daemon [_thread_blocked, id=11300, stack(0x0000003e87f00000,0x0000003e88000000)]

Other Threads:
=>0x000001d558ac9250 VMThread "VM Thread" [stack: 0x0000003e85c00000,0x0000003e85d00000] [id=22532]
  0x000001d54b93bd90 WatcherThread [stack: 0x0000003e86700000,0x0000003e86800000] [id=13900]
  0x000001d54b925130 GCTaskThread "GC Thread#0" [stack: 0x0000003e85700000,0x0000003e85800000] [id=26556]
  0x000001d55a090020 GCTaskThread "GC Thread#1" [stack: 0x0000003e86900000,0x0000003e86a00000] [id=22832]
  0x000001d5596a7410 GCTaskThread "GC Thread#2" [stack: 0x0000003e86a00000,0x0000003e86b00000] [id=15144]
  0x000001d5596a76c0 GCTaskThread "GC Thread#3" [stack: 0x0000003e86b00000,0x0000003e86c00000] [id=3544]
  0x000001d55a0cb8c0 GCTaskThread "GC Thread#4" [stack: 0x0000003e86c00000,0x0000003e86d00000] [id=976]
  0x000001d55ae27ba0 GCTaskThread "GC Thread#5" [stack: 0x0000003e86d00000,0x0000003e86e00000] [id=20828]
  0x000001d55ae27e50 GCTaskThread "GC Thread#6" [stack: 0x0000003e86e00000,0x0000003e86f00000] [id=2480]
  0x000001d55ae28100 GCTaskThread "GC Thread#7" [stack: 0x0000003e86f00000,0x0000003e87000000] [id=7824]
  0x000001d55ae283b0 GCTaskThread "GC Thread#8" [stack: 0x0000003e87000000,0x0000003e87100000] [id=25572]
  0x000001d55b02f040 GCTaskThread "GC Thread#9" [stack: 0x0000003e87400000,0x0000003e87500000] [id=13680]
  0x000001d54b92df80 ConcurrentGCThread "G1 Main Marker" [stack: 0x0000003e85800000,0x0000003e85900000] [id=18004]
  0x000001d54b92f8b0 ConcurrentGCThread "G1 Conc#0" [stack: 0x0000003e85900000,0x0000003e85a00000] [id=18460]
  0x000001d55b02fd20 ConcurrentGCThread "G1 Conc#1" [stack: 0x0000003e87500000,0x0000003e87600000] [id=7764]
  0x000001d55b032200 ConcurrentGCThread "G1 Conc#2" [stack: 0x0000003e87600000,0x0000003e87700000] [id=24932]
  0x000001d558930090 ConcurrentGCThread "G1 Refine#0" [stack: 0x0000003e85a00000,0x0000003e85b00000] [id=23244]
  0x000001d55d5ec500 ConcurrentGCThread "G1 Refine#1" [stack: 0x0000003e89200000,0x0000003e89300000] [id=11644]
  0x000001d559d19ab0 ConcurrentGCThread "G1 Refine#2" [stack: 0x0000003e89600000,0x0000003e89700000] [id=23148]
  0x000001d55d6be8e0 ConcurrentGCThread "G1 Refine#3" [stack: 0x0000003e89800000,0x0000003e89900000] [id=1260]
  0x000001d55d6bebc0 ConcurrentGCThread "G1 Refine#4" [stack: 0x0000003e89900000,0x0000003e89a00000] [id=17080]
  0x000001d55d6be320 ConcurrentGCThread "G1 Refine#5" [stack: 0x0000003e87300000,0x0000003e87400000] [id=13776]
  0x000001d55bb7caf0 ConcurrentGCThread "G1 Refine#6" [stack: 0x0000003e89b00000,0x0000003e89c00000] [id=14004]
  0x000001d55d0ac830 ConcurrentGCThread "G1 Refine#7" [stack: 0x0000003e89d00000,0x0000003e89e00000] [id=5088]
  0x000001d5589309c0 ConcurrentGCThread "G1 Service" [stack: 0x0000003e85b00000,0x0000003e85c00000] [id=11716]

Threads with active compile tasks:

VM state: at safepoint (normal execution)

VM Mutex/Monitor currently owned by a thread:  ([mutex/lock_event])
[0x000001d54b7099a0] Threads_lock - owner thread: 0x000001d558ac9250
[0x000001d54b8d5e30] Heap_lock - owner thread: 0x000001d55b4db050

Heap address: 0x00000000c0000000, size: 1024 MB, Compressed Oops mode: 32-bit

CDS archive(s) not mapped
Compressed class space mapped at: 0x0000000100000000-0x0000000140000000, reserved size: 1073741824
Narrow klass base: 0x0000000000000000, Narrow klass shift: 3, Narrow klass range: 0x140000000

GC Precious Log:
 CPUs: 12 total, 12 available
 Memory: 7549M
 Large Page Support: Disabled
 NUMA Support: Disabled
 Compressed Oops: Enabled (32-bit)
 Heap Region Size: 1M
 Heap Min Capacity: 8M
 Heap Initial Capacity: 118M
 Heap Max Capacity: 1G
 Pre-touch: Disabled
 Parallel Workers: 10
 Concurrent Workers: 3
 Concurrent Refinement Workers: 10
 Periodic GC: Disabled

Heap:
 garbage-first heap   total 150528K, used 44407K [0x00000000c0000000, 0x0000000100000000)
  region size 1024K, 1 young (1024K), 0 survivors (0K)
 Metaspace       used 64172K, committed 64960K, reserved 1105920K
  class space    used 9024K, committed 9344K, reserved 1048576K

Heap Regions: E=young(eden), S=young(survivor), O=old, HS=humongous(starts), HC=humongous(continues), CS=collection set, F=free, OA=open archive, CA=closed archive, TAMS=top-at-mark-start (previous, next)
|   0|0x00000000c0000000, 0x00000000c0100000, 0x00000000c0100000|100%| O|  |TAMS 0x00000000c0100000, 0x00000000c0000000| Untracked 
|   1|0x00000000c0100000, 0x00000000c01ffff8, 0x00000000c0200000| 99%| O|  |TAMS 0x00000000c01ffff8, 0x00000000c0100000| Untracked 
|   2|0x00000000c0200000, 0x00000000c0300000, 0x00000000c0300000|100%| O|  |TAMS 0x00000000c0300000, 0x00000000c0200000| Untracked 
|   3|0x00000000c0300000, 0x00000000c03fffa0, 0x00000000c0400000| 99%| O|  |TAMS 0x00000000c03fffa0, 0x00000000c0300000| Untracked 
|   4|0x00000000c0400000, 0x00000000c04ffff8, 0x00000000c0500000| 99%| O|  |TAMS 0x00000000c04ffff8, 0x00000000c0400000| Untracked 
|   5|0x00000000c0500000, 0x00000000c05ffff0, 0x00000000c0600000| 99%| O|  |TAMS 0x00000000c05ffff0, 0x00000000c0500000| Untracked 
|   6|0x00000000c0600000, 0x00000000c0700000, 0x00000000c0700000|100%| O|  |TAMS 0x00000000c0700000, 0x00000000c0600000| Untracked 
|   7|0x00000000c0700000, 0x00000000c0800000, 0x00000000c0800000|100%|HS|  |TAMS 0x00000000c0800000, 0x00000000c0700000| Untracked 
|   8|0x00000000c0800000, 0x00000000c08fffe0, 0x00000000c0900000| 99%| O|  |TAMS 0x00000000c08fffe0, 0x00000000c0800000| Untracked 
|   9|0x00000000c0900000, 0x00000000c09ffff8, 0x00000000c0a00000| 99%| O|  |TAMS 0x00000000c09ffff8, 0x00000000c0900000| Untracked 
|  10|0x00000000c0a00000, 0x00000000c0b00000, 0x00000000c0b00000|100%| O|  |TAMS 0x00000000c0b00000, 0x00000000c0a00000| Untracked 
|  11|0x00000000c0b00000, 0x00000000c0c00000, 0x00000000c0c00000|100%| O|  |TAMS 0x00000000c0c00000, 0x00000000c0b00000| Untracked 
|  12|0x00000000c0c00000, 0x00000000c0cfffd0, 0x00000000c0d00000| 99%| O|  |TAMS 0x00000000c0cfffd0, 0x00000000c0c00000| Untracked 
|  13|0x00000000c0d00000, 0x00000000c0dffff8, 0x00000000c0e00000| 99%| O|  |TAMS 0x00000000c0dffff8, 0x00000000c0d00000| Untracked 
|  14|0x00000000c0e00000, 0x00000000c0efff68, 0x00000000c0f00000| 99%| O|  |TAMS 0x00000000c0efff68, 0x00000000c0e00000| Untracked 
|  15|0x00000000c0f00000, 0x00000000c1000000, 0x00000000c1000000|100%| O|  |TAMS 0x00000000c1000000, 0x00000000c0f00000| Untracked 
|  16|0x00000000c1000000, 0x00000000c10fffe0, 0x00000000c1100000| 99%| O|  |TAMS 0x00000000c10fffe0, 0x00000000c1000000| Untracked 
|  17|0x00000000c1100000, 0x00000000c11fb398, 0x00000000c1200000| 98%| O|  |TAMS 0x00000000c11fb398, 0x00000000c1100000| Untracked 
|  18|0x00000000c1200000, 0x00000000c12fff68, 0x00000000c1300000| 99%| O|  |TAMS 0x00000000c12fff68, 0x00000000c1200000| Untracked 
|  19|0x00000000c1300000, 0x00000000c13ffff0, 0x00000000c1400000| 99%| O|  |TAMS 0x00000000c13ffff0, 0x00000000c1300000| Untracked 
|  20|0x00000000c1400000, 0x00000000c1500000, 0x00000000c1500000|100%| O|  |TAMS 0x00000000c1500000, 0x00000000c1400000| Untracked 
|  21|0x00000000c1500000, 0x00000000c15fffe0, 0x00000000c1600000| 99%| O|  |TAMS 0x00000000c15fffe0, 0x00000000c1500000| Untracked 
|  22|0x00000000c1600000, 0x00000000c16fffe8, 0x00000000c1700000| 99%| O|  |TAMS 0x00000000c16fffe8, 0x00000000c1600000| Untracked 
|  23|0x00000000c1700000, 0x00000000c1800000, 0x00000000c1800000|100%| O|  |TAMS 0x00000000c1800000, 0x00000000c1700000| Untracked 
|  24|0x00000000c1800000, 0x00000000c18ffff8, 0x00000000c1900000| 99%| O|  |TAMS 0x00000000c18ffff8, 0x00000000c1800000| Untracked 
|  25|0x00000000c1900000, 0x00000000c19fffc8, 0x00000000c1a00000| 99%| O|  |TAMS 0x00000000c19fffc8, 0x00000000c1900000| Untracked 
|  26|0x00000000c1a00000, 0x00000000c1afffe8, 0x00000000c1b00000| 99%| O|  |TAMS 0x00000000c1afffe8, 0x00000000c1a00000| Untracked 
|  27|0x00000000c1b00000, 0x00000000c1bfffe8, 0x00000000c1c00000| 99%| O|  |TAMS 0x00000000c1bfffe8, 0x00000000c1b00000| Untracked 
|  28|0x00000000c1c00000, 0x00000000c1c6cf70, 0x00000000c1d00000| 42%| O|  |TAMS 0x00000000c1c00000, 0x00000000c1c00000| Untracked 
|  29|0x00000000c1d00000, 0x00000000c1dfffe0, 0x00000000c1e00000| 99%| O|  |TAMS 0x00000000c1dfffe0, 0x00000000c1d00000| Untracked 
|  30|0x00000000c1e00000, 0x00000000c1efff20, 0x00000000c1f00000| 99%| O|  |TAMS 0x00000000c1efff20, 0x00000000c1e00000| Untracked 
|  31|0x00000000c1f00000, 0x00000000c1fffff8, 0x00000000c2000000| 99%| O|  |TAMS 0x00000000c1fffff8, 0x00000000c1f00000| Untracked 
|  32|0x00000000c2000000, 0x00000000c2000088, 0x00000000c2100000|  0%| O|  |TAMS 0x00000000c2000000, 0x00000000c2000000| Untracked 
|  33|0x00000000c2100000, 0x00000000c2100000, 0x00000000c2200000|  0%| F|  |TAMS 0x00000000c2100000, 0x00000000c2100000| Untracked 
|  34|0x00000000c2200000, 0x00000000c22ffff0, 0x00000000c2300000| 99%| O|  |TAMS 0x00000000c22ffff0, 0x00000000c2200000| Untracked 
|  35|0x00000000c2300000, 0x00000000c2300000, 0x00000000c2400000|  0%| F|  |TAMS 0x00000000c2300000, 0x00000000c2300000| Untracked 
|  36|0x00000000c2400000, 0x00000000c2400000, 0x00000000c2500000|  0%| F|  |TAMS 0x00000000c2400000, 0x00000000c2400000| Untracked 
|  37|0x00000000c2500000, 0x00000000c25fffb0, 0x00000000c2600000| 99%| O|  |TAMS 0x00000000c25fffb0, 0x00000000c2500000| Untracked 
|  38|0x00000000c2600000, 0x00000000c26f9038, 0x00000000c2700000| 97%| O|  |TAMS 0x00000000c26f9038, 0x00000000c2600000| Untracked 
|  39|0x00000000c2700000, 0x00000000c27ff708, 0x00000000c2800000| 99%| O|  |TAMS 0x00000000c27ff708, 0x00000000c2700000| Untracked 
|  40|0x00000000c2800000, 0x00000000c2900000, 0x00000000c2900000|100%|HS|  |TAMS 0x00000000c2900000, 0x00000000c2800000| Untracked 
|  41|0x00000000c2900000, 0x00000000c2a00000, 0x00000000c2a00000|100%|HC|  |TAMS 0x00000000c2a00000, 0x00000000c2900000| Untracked 
|  42|0x00000000c2a00000, 0x00000000c2a00000, 0x00000000c2b00000|  0%| F|  |TAMS 0x00000000c2a00000, 0x00000000c2a00000| Untracked 
|  43|0x00000000c2b00000, 0x00000000c2b00000, 0x00000000c2c00000|  0%| F|  |TAMS 0x00000000c2b00000, 0x00000000c2b00000| Untracked 
|  44|0x00000000c2c00000, 0x00000000c2c00000, 0x00000000c2d00000|  0%| F|  |TAMS 0x00000000c2c00000, 0x00000000c2c00000| Untracked 
|  45|0x00000000c2d00000, 0x00000000c2d00000, 0x00000000c2e00000|  0%| F|  |TAMS 0x00000000c2d00000, 0x00000000c2d00000| Untracked 
|  46|0x00000000c2e00000, 0x00000000c2e00000, 0x00000000c2f00000|  0%| F|  |TAMS 0x00000000c2e00000, 0x00000000c2e00000| Untracked 
|  47|0x00000000c2f00000, 0x00000000c2f00000, 0x00000000c3000000|  0%| F|  |TAMS 0x00000000c2f00000, 0x00000000c2f00000| Untracked 
|  48|0x00000000c3000000, 0x00000000c3000000, 0x00000000c3100000|  0%| F|  |TAMS 0x00000000c3000000, 0x00000000c3000000| Untracked 
|  49|0x00000000c3100000, 0x00000000c3100000, 0x00000000c3200000|  0%| F|  |TAMS 0x00000000c3100000, 0x00000000c3100000| Untracked 
|  50|0x00000000c3200000, 0x00000000c3200000, 0x00000000c3300000|  0%| F|  |TAMS 0x00000000c3200000, 0x00000000c3200000| Untracked 
|  51|0x00000000c3300000, 0x00000000c3300000, 0x00000000c3400000|  0%| F|  |TAMS 0x00000000c3300000, 0x00000000c3300000| Untracked 
|  52|0x00000000c3400000, 0x00000000c3400000, 0x00000000c3500000|  0%| F|  |TAMS 0x00000000c3400000, 0x00000000c3400000| Untracked 
|  53|0x00000000c3500000, 0x00000000c3500000, 0x00000000c3600000|  0%| F|  |TAMS 0x00000000c3500000, 0x00000000c3500000| Untracked 
|  54|0x00000000c3600000, 0x00000000c3600000, 0x00000000c3700000|  0%| F|  |TAMS 0x00000000c3600000, 0x00000000c3600000| Untracked 
|  55|0x00000000c3700000, 0x00000000c37fdb00, 0x00000000c3800000| 99%| O|  |TAMS 0x00000000c37fdb00, 0x00000000c3700000| Untracked 
|  56|0x00000000c3800000, 0x00000000c3800000, 0x00000000c3900000|  0%| F|  |TAMS 0x00000000c3800000, 0x00000000c3800000| Untracked 
|  57|0x00000000c3900000, 0x00000000c3a00000, 0x00000000c3a00000|100%| O|  |TAMS 0x00000000c3a00000, 0x00000000c3900000| Untracked 
|  58|0x00000000c3a00000, 0x00000000c3a00000, 0x00000000c3b00000|  0%| F|  |TAMS 0x00000000c3a00000, 0x00000000c3a00000| Untracked 
|  59|0x00000000c3b00000, 0x00000000c3b00000, 0x00000000c3c00000|  0%| F|  |TAMS 0x00000000c3b00000, 0x00000000c3b00000| Untracked 
|  60|0x00000000c3c00000, 0x00000000c3c00000, 0x00000000c3d00000|  0%| F|  |TAMS 0x00000000c3c00000, 0x00000000c3c00000| Untracked 
|  61|0x00000000c3d00000, 0x00000000c3dfffd0, 0x00000000c3e00000| 99%| O|  |TAMS 0x00000000c3dfffd0, 0x00000000c3d00000| Untracked 
|  62|0x00000000c3e00000, 0x00000000c3effea0, 0x00000000c3f00000| 99%| O|  |TAMS 0x00000000c3effea0, 0x00000000c3e00000| Untracked 
|  63|0x00000000c3f00000, 0x00000000c3f00000, 0x00000000c4000000|  0%| F|  |TAMS 0x00000000c3f00000, 0x00000000c3f00000| Untracked 
|  64|0x00000000c4000000, 0x00000000c4000000, 0x00000000c4100000|  0%| F|  |TAMS 0x00000000c4000000, 0x00000000c4000000| Untracked 
|  65|0x00000000c4100000, 0x00000000c4100000, 0x00000000c4200000|  0%| F|  |TAMS 0x00000000c4100000, 0x00000000c4100000| Untracked 
|  66|0x00000000c4200000, 0x00000000c4200000, 0x00000000c4300000|  0%| F|  |TAMS 0x00000000c4200000, 0x00000000c4200000| Untracked 
|  67|0x00000000c4300000, 0x00000000c4300000, 0x00000000c4400000|  0%| F|  |TAMS 0x00000000c4300000, 0x00000000c4300000| Untracked 
|  68|0x00000000c4400000, 0x00000000c4400000, 0x00000000c4500000|  0%| F|  |TAMS 0x00000000c4400000, 0x00000000c4400000| Untracked 
|  69|0x00000000c4500000, 0x00000000c4600000, 0x00000000c4600000|100%|HS|  |TAMS 0x00000000c4600000, 0x00000000c4500000| Untracked 
|  70|0x00000000c4600000, 0x00000000c4700000, 0x00000000c4700000|100%|HS|  |TAMS 0x00000000c4700000, 0x00000000c4600000| Untracked 
|  71|0x00000000c4700000, 0x00000000c4700000, 0x00000000c4800000|  0%| F|  |TAMS 0x00000000c4700000, 0x00000000c4700000| Untracked 
|  72|0x00000000c4800000, 0x00000000c4800000, 0x00000000c4900000|  0%| F|  |TAMS 0x00000000c4800000, 0x00000000c4800000| Untracked 
|  73|0x00000000c4900000, 0x00000000c4900000, 0x00000000c4a00000|  0%| F|  |TAMS 0x00000000c4900000, 0x00000000c4900000| Untracked 
|  74|0x00000000c4a00000, 0x00000000c4a00000, 0x00000000c4b00000|  0%| F|  |TAMS 0x00000000c4a00000, 0x00000000c4a00000| Untracked 
|  75|0x00000000c4b00000, 0x00000000c4b00000, 0x00000000c4c00000|  0%| F|  |TAMS 0x00000000c4b00000, 0x00000000c4b00000| Untracked 
|  76|0x00000000c4c00000, 0x00000000c4c00000, 0x00000000c4d00000|  0%| F|  |TAMS 0x00000000c4c00000, 0x00000000c4c00000| Untracked 
|  77|0x00000000c4d00000, 0x00000000c4d00000, 0x00000000c4e00000|  0%| F|  |TAMS 0x00000000c4d00000, 0x00000000c4d00000| Untracked 
|  78|0x00000000c4e00000, 0x00000000c4e00000, 0x00000000c4f00000|  0%| F|  |TAMS 0x00000000c4e00000, 0x00000000c4e00000| Untracked 
|  79|0x00000000c4f00000, 0x00000000c4f00000, 0x00000000c5000000|  0%| F|  |TAMS 0x00000000c4f00000, 0x00000000c4f00000| Untracked 
|  80|0x00000000c5000000, 0x00000000c5000000, 0x00000000c5100000|  0%| F|  |TAMS 0x00000000c5000000, 0x00000000c5000000| Untracked 
|  81|0x00000000c5100000, 0x00000000c5100000, 0x00000000c5200000|  0%| F|  |TAMS 0x00000000c5100000, 0x00000000c5100000| Untracked 
|  82|0x00000000c5200000, 0x00000000c5200000, 0x00000000c5300000|  0%| F|  |TAMS 0x00000000c5200000, 0x00000000c5200000| Untracked 
|  83|0x00000000c5300000, 0x00000000c5300000, 0x00000000c5400000|  0%| F|  |TAMS 0x00000000c5300000, 0x00000000c5300000| Untracked 
|  84|0x00000000c5400000, 0x00000000c5400000, 0x00000000c5500000|  0%| F|  |TAMS 0x00000000c5400000, 0x00000000c5400000| Untracked 
|  85|0x00000000c5500000, 0x00000000c5500000, 0x00000000c5600000|  0%| F|  |TAMS 0x00000000c5500000, 0x00000000c5500000| Untracked 
|  86|0x00000000c5600000, 0x00000000c5600000, 0x00000000c5700000|  0%| F|  |TAMS 0x00000000c5600000, 0x00000000c5600000| Untracked 
|  87|0x00000000c5700000, 0x00000000c5700000, 0x00000000c5800000|  0%| F|  |TAMS 0x00000000c5700000, 0x00000000c5700000| Untracked 
|  88|0x00000000c5800000, 0x00000000c5800000, 0x00000000c5900000|  0%| F|  |TAMS 0x00000000c5800000, 0x00000000c5800000| Untracked 
|  89|0x00000000c5900000, 0x00000000c5900000, 0x00000000c5a00000|  0%| F|  |TAMS 0x00000000c5900000, 0x00000000c5900000| Untracked 
|  90|0x00000000c5a00000, 0x00000000c5a00000, 0x00000000c5b00000|  0%| F|  |TAMS 0x00000000c5a00000, 0x00000000c5a00000| Untracked 
|  91|0x00000000c5b00000, 0x00000000c5b00000, 0x00000000c5c00000|  0%| F|  |TAMS 0x00000000c5b00000, 0x00000000c5b00000| Untracked 
|  92|0x00000000c5c00000, 0x00000000c5c00000, 0x00000000c5d00000|  0%| F|  |TAMS 0x00000000c5c00000, 0x00000000c5c00000| Untracked 
|  93|0x00000000c5d00000, 0x00000000c5d00000, 0x00000000c5e00000|  0%| F|  |TAMS 0x00000000c5d00000, 0x00000000c5d00000| Untracked 
|  94|0x00000000c5e00000, 0x00000000c5e00000, 0x00000000c5f00000|  0%| F|  |TAMS 0x00000000c5e00000, 0x00000000c5e00000| Untracked 
|  95|0x00000000c5f00000, 0x00000000c5f00000, 0x00000000c6000000|  0%| F|  |TAMS 0x00000000c5f00000, 0x00000000c5f00000| Untracked 
|  96|0x00000000c6000000, 0x00000000c6000000, 0x00000000c6100000|  0%| F|  |TAMS 0x00000000c6000000, 0x00000000c6000000| Untracked 
|  97|0x00000000c6100000, 0x00000000c6100000, 0x00000000c6200000|  0%| F|  |TAMS 0x00000000c6100000, 0x00000000c6100000| Untracked 
|  98|0x00000000c6200000, 0x00000000c6200000, 0x00000000c6300000|  0%| F|  |TAMS 0x00000000c6200000, 0x00000000c6200000| Untracked 
|  99|0x00000000c6300000, 0x00000000c6300000, 0x00000000c6400000|  0%| F|  |TAMS 0x00000000c6300000, 0x00000000c6300000| Untracked 
| 100|0x00000000c6400000, 0x00000000c6400000, 0x00000000c6500000|  0%| F|  |TAMS 0x00000000c6400000, 0x00000000c6400000| Untracked 
| 101|0x00000000c6500000, 0x00000000c6500000, 0x00000000c6600000|  0%| F|  |TAMS 0x00000000c6500000, 0x00000000c6500000| Untracked 
| 102|0x00000000c6600000, 0x00000000c6600000, 0x00000000c6700000|  0%| F|  |TAMS 0x00000000c6600000, 0x00000000c6600000| Untracked 
| 103|0x00000000c6700000, 0x00000000c6700000, 0x00000000c6800000|  0%| F|  |TAMS 0x00000000c6700000, 0x00000000c6700000| Untracked 
| 104|0x00000000c6800000, 0x00000000c6800000, 0x00000000c6900000|  0%| F|  |TAMS 0x00000000c6800000, 0x00000000c6800000| Untracked 
| 105|0x00000000c6900000, 0x00000000c6900000, 0x00000000c6a00000|  0%| F|  |TAMS 0x00000000c6900000, 0x00000000c6900000| Untracked 
| 106|0x00000000c6a00000, 0x00000000c6a00000, 0x00000000c6b00000|  0%| F|  |TAMS 0x00000000c6a00000, 0x00000000c6a00000| Untracked 
| 107|0x00000000c6b00000, 0x00000000c6b00000, 0x00000000c6c00000|  0%| F|  |TAMS 0x00000000c6b00000, 0x00000000c6b00000| Untracked 
| 108|0x00000000c6c00000, 0x00000000c6c00000, 0x00000000c6d00000|  0%| F|  |TAMS 0x00000000c6c00000, 0x00000000c6c00000| Untracked 
| 109|0x00000000c6d00000, 0x00000000c6d00000, 0x00000000c6e00000|  0%| F|  |TAMS 0x00000000c6d00000, 0x00000000c6d00000| Untracked 
| 110|0x00000000c6e00000, 0x00000000c6e00000, 0x00000000c6f00000|  0%| F|  |TAMS 0x00000000c6e00000, 0x00000000c6e00000| Untracked 
| 111|0x00000000c6f00000, 0x00000000c6f00000, 0x00000000c7000000|  0%| F|  |TAMS 0x00000000c6f00000, 0x00000000c6f00000| Untracked 
| 112|0x00000000c7000000, 0x00000000c7000000, 0x00000000c7100000|  0%| F|  |TAMS 0x00000000c7000000, 0x00000000c7000000| Untracked 
| 113|0x00000000c7100000, 0x00000000c7100000, 0x00000000c7200000|  0%| F|  |TAMS 0x00000000c7100000, 0x00000000c7100000| Untracked 
| 114|0x00000000c7200000, 0x00000000c7200000, 0x00000000c7300000|  0%| F|  |TAMS 0x00000000c7200000, 0x00000000c7200000| Untracked 
| 115|0x00000000c7300000, 0x00000000c7300000, 0x00000000c7400000|  0%| F|  |TAMS 0x00000000c7300000, 0x00000000c7300000| Untracked 
| 116|0x00000000c7400000, 0x00000000c7400000, 0x00000000c7500000|  0%| F|  |TAMS 0x00000000c7400000, 0x00000000c7400000| Untracked 
| 117|0x00000000c7500000, 0x00000000c7500000, 0x00000000c7600000|  0%| F|  |TAMS 0x00000000c7500000, 0x00000000c7500000| Untracked 
| 118|0x00000000c7600000, 0x00000000c7600000, 0x00000000c7700000|  0%| F|  |TAMS 0x00000000c7600000, 0x00000000c7600000| Untracked 
| 119|0x00000000c7700000, 0x00000000c7700000, 0x00000000c7800000|  0%| F|  |TAMS 0x00000000c7700000, 0x00000000c7700000| Untracked 
| 120|0x00000000c7800000, 0x00000000c7800000, 0x00000000c7900000|  0%| F|  |TAMS 0x00000000c7800000, 0x00000000c7800000| Untracked 
| 121|0x00000000c7900000, 0x00000000c7900000, 0x00000000c7a00000|  0%| F|  |TAMS 0x00000000c7900000, 0x00000000c7900000| Untracked 
| 122|0x00000000c7a00000, 0x00000000c7a00000, 0x00000000c7b00000|  0%| F|  |TAMS 0x00000000c7a00000, 0x00000000c7a00000| Untracked 
| 123|0x00000000c7b00000, 0x00000000c7b00000, 0x00000000c7c00000|  0%| F|  |TAMS 0x00000000c7b00000, 0x00000000c7b00000| Untracked 
| 124|0x00000000c7c00000, 0x00000000c7c00000, 0x00000000c7d00000|  0%| F|  |TAMS 0x00000000c7c00000, 0x00000000c7c00000| Untracked 
| 125|0x00000000c7d00000, 0x00000000c7d00000, 0x00000000c7e00000|  0%| F|  |TAMS 0x00000000c7d00000, 0x00000000c7d00000| Untracked 
| 126|0x00000000c7e00000, 0x00000000c7e00000, 0x00000000c7f00000|  0%| F|  |TAMS 0x00000000c7e00000, 0x00000000c7e00000| Untracked 
| 127|0x00000000c7f00000, 0x00000000c7f00000, 0x00000000c8000000|  0%| F|  |TAMS 0x00000000c7f00000, 0x00000000c7f00000| Untracked 
| 128|0x00000000c8000000, 0x00000000c8000000, 0x00000000c8100000|  0%| F|  |TAMS 0x00000000c8000000, 0x00000000c8000000| Untracked 
| 129|0x00000000c8100000, 0x00000000c8100000, 0x00000000c8200000|  0%| F|  |TAMS 0x00000000c8100000, 0x00000000c8100000| Untracked 
| 130|0x00000000c8200000, 0x00000000c8200000, 0x00000000c8300000|  0%| F|  |TAMS 0x00000000c8200000, 0x00000000c8200000| Untracked 
| 131|0x00000000c8300000, 0x00000000c8300000, 0x00000000c8400000|  0%| F|  |TAMS 0x00000000c8300000, 0x00000000c8300000| Untracked 
| 132|0x00000000c8400000, 0x00000000c8400000, 0x00000000c8500000|  0%| F|  |TAMS 0x00000000c8400000, 0x00000000c8400000| Untracked 
| 133|0x00000000c8500000, 0x00000000c8500000, 0x00000000c8600000|  0%| F|  |TAMS 0x00000000c8500000, 0x00000000c8500000| Untracked 
| 134|0x00000000c8600000, 0x00000000c8600000, 0x00000000c8700000|  0%| F|  |TAMS 0x00000000c8600000, 0x00000000c8600000| Untracked 
| 135|0x00000000c8700000, 0x00000000c8700000, 0x00000000c8800000|  0%| F|  |TAMS 0x00000000c8700000, 0x00000000c8700000| Untracked 
| 136|0x00000000c8800000, 0x00000000c8800000, 0x00000000c8900000|  0%| F|  |TAMS 0x00000000c8800000, 0x00000000c8800000| Untracked 
| 137|0x00000000c8900000, 0x00000000c8900000, 0x00000000c8a00000|  0%| F|  |TAMS 0x00000000c8900000, 0x00000000c8900000| Untracked 
| 138|0x00000000c8a00000, 0x00000000c8a00000, 0x00000000c8b00000|  0%| F|  |TAMS 0x00000000c8a00000, 0x00000000c8a00000| Untracked 
| 139|0x00000000c8b00000, 0x00000000c8b00000, 0x00000000c8c00000|  0%| F|  |TAMS 0x00000000c8b00000, 0x00000000c8b00000| Untracked 
| 140|0x00000000c8c00000, 0x00000000c8c00000, 0x00000000c8d00000|  0%| F|  |TAMS 0x00000000c8c00000, 0x00000000c8c00000| Untracked 
| 141|0x00000000c8d00000, 0x00000000c8d00000, 0x00000000c8e00000|  0%| F|  |TAMS 0x00000000c8d00000, 0x00000000c8d00000| Untracked 
| 142|0x00000000c8e00000, 0x00000000c8e00000, 0x00000000c8f00000|  0%| F|  |TAMS 0x00000000c8e00000, 0x00000000c8e00000| Untracked 
| 143|0x00000000c8f00000, 0x00000000c8f00000, 0x00000000c9000000|  0%| F|  |TAMS 0x00000000c8f00000, 0x00000000c8f00000| Untracked 
| 144|0x00000000c9000000, 0x00000000c9000000, 0x00000000c9100000|  0%| F|  |TAMS 0x00000000c9000000, 0x00000000c9000000| Untracked 
| 145|0x00000000c9100000, 0x00000000c9100000, 0x00000000c9200000|  0%| F|  |TAMS 0x00000000c9100000, 0x00000000c9100000| Untracked 
| 146|0x00000000c9200000, 0x00000000c9238ed0, 0x00000000c9300000| 22%| E|  |TAMS 0x00000000c9200000, 0x00000000c9200000| Complete 

Card table byte_map: [0x000001d553a30000,0x000001d553c30000] _byte_map_base: 0x000001d553430000

Marking Bits (Prev, Next): (CMBitMap*) 0x000001d54b925690, (CMBitMap*) 0x000001d54b925650
 Prev Bits: [0x000001d554e30000, 0x000001d555e30000)
 Next Bits: [0x000001d553e30000, 0x000001d554e30000)

Polling page: 0x000001d54b6b0000

Metaspace:

Usage:
  Non-class:     53.86 MB used.
      Class:      8.81 MB used.
       Both:     62.67 MB used.

Virtual space:
  Non-class space:       56.00 MB reserved,      54.31 MB ( 97%) committed,  7 nodes.
      Class space:        1.00 GB reserved,       9.12 MB ( <1%) committed,  1 nodes.
             Both:        1.05 GB reserved,      63.44 MB (  6%) committed. 

Chunk freelists:
   Non-Class:  1.90 MB
       Class:  2.81 MB
        Both:  4.71 MB

MaxMetaspaceSize: unlimited
CompressedClassSpaceSize: 1.00 GB
Initial GC threshold: 21.00 MB
Current GC threshold: 105.75 MB
CDS: off
MetaspaceReclaimPolicy: balanced
 - commit_granule_bytes: 65536.
 - commit_granule_words: 8192.
 - virtual_space_node_default_size: 1048576.
 - enlarge_chunks_in_place: 1.
 - new_chunks_are_fully_committed: 0.
 - uncommit_free_chunks: 1.
 - use_allocation_guard: 0.
 - handle_deallocations: 1.


Internal statistics:

num_allocs_failed_limit: 6.
num_arena_births: 678.
num_arena_deaths: 212.
num_vsnodes_births: 8.
num_vsnodes_deaths: 0.
num_space_committed: 1015.
num_space_uncommitted: 0.
num_chunks_returned_to_freelist: 266.
num_chunks_taken_from_freelist: 2751.
num_chunk_merges: 93.
num_chunk_splits: 1928.
num_chunks_enlarged: 1448.
num_purges: 10.
num_inconsistent_stats: 0.

CodeCache: size=49152Kb used=17951Kb max_used=18886Kb free=31200Kb
 bounds [0x000001d54fd30000, 0x000001d550fb0000, 0x000001d552d30000]
 total_blobs=10774 nmethods=10132 adapters=568
 compilation: enabled
              stopped_count=0, restarted_count=0
 full_count=0

Compilation events (20 events):
Event: 2662.577 Thread 0x000001d55950ed50 10293       1       java.lang.ProcessBuilder::environment (147 bytes)
Event: 2662.586 Thread 0x000001d55950ed50 nmethod 10293 0x000001d550f00990 code [0x000001d550f00be0, 0x000001d550f01128]
Event: 2662.586 Thread 0x000001d55950ed50 10294   !   1       java.lang.ProcessImpl::start (733 bytes)
Event: 2662.593 Thread 0x000001d55950ed50 nmethod 10294 0x000001d550efb190 code [0x000001d550efb760, 0x000001d550efe6b8]
Event: 2662.593 Thread 0x000001d55950ed50 10295       1       java.lang.ProcessEnvironment::toEnvironmentBlock (16 bytes)
Event: 2662.593 Thread 0x000001d55950ed50 nmethod 10295 0x000001d550efae10 code [0x000001d550efafa0, 0x000001d550efb0c8]
Event: 2662.593 Thread 0x000001d55950ed50 10296   !   1       java.lang.ProcessImpl::<init> (327 bytes)
Event: 2662.610 Thread 0x000001d55950ed50 nmethod 10296 0x000001d550ef8690 code [0x000001d550ef8ae0, 0x000001d550ef9e98]
Event: 2662.610 Thread 0x000001d55950ed50 10297       1       java.lang.Process::<init> (5 bytes)
Event: 2662.610 Thread 0x000001d55950ed50 nmethod 10297 0x000001d550ef8390 code [0x000001d550ef8520, 0x000001d550ef85d8]
Event: 2662.610 Thread 0x000001d55950ed50 10299       1       java.lang.invoke.Invokers$Holder::linkToTargetMethod (9 bytes)
Event: 2662.610 Thread 0x000001d55950ed50 nmethod 10299 0x000001d550ef8010 code [0x000001d550ef81c0, 0x000001d550ef82d8]
Event: 2662.610 Thread 0x000001d55950ed50 10300       1       java.lang.invoke.LambdaForm$DMH/0x000000010094b000::newInvokeSpecial (23 bytes)
Event: 2662.610 Thread 0x000001d55950ed50 nmethod 10300 0x000001d550ef7b90 code [0x000001d550ef7d40, 0x000001d550ef7ec8]
Event: 2662.712 Thread 0x000001d55950ed50 10301   !   1       java.io.FilterOutputStream::close (183 bytes)
Event: 2662.740 Thread 0x000001d55950ed50 nmethod 10301 0x000001d550ef6a10 code [0x000001d550ef6c20, 0x000001d550ef70f8]
Event: 2662.740 Thread 0x000001d55950ed50 10303       1       java.lang.ProcessImpl$$Lambda$1209/0x00000001008c4c08::run (8 bytes)
Event: 2662.740 Thread 0x000001d55950ed50 nmethod 10303 0x000001d550ef6710 code [0x000001d550ef68a0, 0x000001d550ef6988]
Event: 2662.740 Thread 0x000001d55950ed50 10304       1       java.lang.ProcessImpl::lambda$new$0 (6 bytes)
Event: 2662.740 Thread 0x000001d55950ed50 nmethod 10304 0x000001d550ef6410 code [0x000001d550ef65a0, 0x000001d550ef6668]

GC Heap History (20 events):
Event: 3578.207 GC heap before
{Heap before GC invocations=395 (full 338):
 garbage-first heap   total 150528K, used 44407K [0x00000000c0000000, 0x0000000100000000)
  region size 1024K, 1 young (1024K), 0 survivors (0K)
 Metaspace       used 64172K, committed 64960K, reserved 1105920K
  class space    used 9024K, committed 9344K, reserved 1048576K
}
Event: 3578.236 GC heap after
{Heap after GC invocations=396 (full 339):
 garbage-first heap   total 150528K, used 44407K [0x00000000c0000000, 0x0000000100000000)
  region size 1024K, 0 young (0K), 0 survivors (0K)
 Metaspace       used 64172K, committed 64960K, reserved 1105920K
  class space    used 9024K, committed 9344K, reserved 1048576K
}
Event: 3588.393 GC heap before
{Heap before GC invocations=396 (full 339):
 garbage-first heap   total 150528K, used 44407K [0x00000000c0000000, 0x0000000100000000)
  region size 1024K, 1 young (1024K), 0 survivors (0K)
 Metaspace       used 64172K, committed 64960K, reserved 1105920K
  class space    used 9024K, committed 9344K, reserved 1048576K
}
Event: 3588.420 GC heap after
{Heap after GC invocations=397 (full 340):
 garbage-first heap   total 150528K, used 44407K [0x00000000c0000000, 0x0000000100000000)
  region size 1024K, 0 young (0K), 0 survivors (0K)
 Metaspace       used 64172K, committed 64960K, reserved 1105920K
  class space    used 9024K, committed 9344K, reserved 1048576K
}
Event: 3598.558 GC heap before
{Heap before GC invocations=397 (full 340):
 garbage-first heap   total 150528K, used 44407K [0x00000000c0000000, 0x0000000100000000)
  region size 1024K, 1 young (1024K), 0 survivors (0K)
 Metaspace       used 64172K, committed 64960K, reserved 1105920K
  class space    used 9024K, committed 9344K, reserved 1048576K
}
Event: 3598.585 GC heap after
{Heap after GC invocations=398 (full 341):
 garbage-first heap   total 150528K, used 44407K [0x00000000c0000000, 0x0000000100000000)
  region size 1024K, 0 young (0K), 0 survivors (0K)
 Metaspace       used 64172K, committed 64960K, reserved 1105920K
  class space    used 9024K, committed 9344K, reserved 1048576K
}
Event: 3608.740 GC heap before
{Heap before GC invocations=398 (full 341):
 garbage-first heap   total 150528K, used 44407K [0x00000000c0000000, 0x0000000100000000)
  region size 1024K, 1 young (1024K), 0 survivors (0K)
 Metaspace       used 64172K, committed 64960K, reserved 1105920K
  class space    used 9024K, committed 9344K, reserved 1048576K
}
Event: 3608.769 GC heap after
{Heap after GC invocations=399 (full 342):
 garbage-first heap   total 150528K, used 44407K [0x00000000c0000000, 0x0000000100000000)
  region size 1024K, 0 young (0K), 0 survivors (0K)
 Metaspace       used 64172K, committed 64960K, reserved 1105920K
  class space    used 9024K, committed 9344K, reserved 1048576K
}
Event: 3618.923 GC heap before
{Heap before GC invocations=399 (full 342):
 garbage-first heap   total 150528K, used 44407K [0x00000000c0000000, 0x0000000100000000)
  region size 1024K, 1 young (1024K), 0 survivors (0K)
 Metaspace       used 64172K, committed 64960K, reserved 1105920K
  class space    used 9024K, committed 9344K, reserved 1048576K
}
Event: 3618.949 GC heap after
{Heap after GC invocations=400 (full 343):
 garbage-first heap   total 150528K, used 44407K [0x00000000c0000000, 0x0000000100000000)
  region size 1024K, 0 young (0K), 0 survivors (0K)
 Metaspace       used 64172K, committed 64960K, reserved 1105920K
  class space    used 9024K, committed 9344K, reserved 1048576K
}
Event: 3629.134 GC heap before
{Heap before GC invocations=400 (full 343):
 garbage-first heap   total 150528K, used 44407K [0x00000000c0000000, 0x0000000100000000)
  region size 1024K, 1 young (1024K), 0 survivors (0K)
 Metaspace       used 64172K, committed 64960K, reserved 1105920K
  class space    used 9024K, committed 9344K, reserved 1048576K
}
Event: 3629.175 GC heap after
{Heap after GC invocations=401 (full 344):
 garbage-first heap   total 150528K, used 44407K [0x00000000c0000000, 0x0000000100000000)
  region size 1024K, 0 young (0K), 0 survivors (0K)
 Metaspace       used 64172K, committed 64960K, reserved 1105920K
  class space    used 9024K, committed 9344K, reserved 1048576K
}
Event: 3639.529 GC heap before
{Heap before GC invocations=401 (full 344):
 garbage-first heap   total 150528K, used 44407K [0x00000000c0000000, 0x0000000100000000)
  region size 1024K, 1 young (1024K), 0 survivors (0K)
 Metaspace       used 64172K, committed 64960K, reserved 1105920K
  class space    used 9024K, committed 9344K, reserved 1048576K
}
Event: 3639.589 GC heap after
{Heap after GC invocations=402 (full 345):
 garbage-first heap   total 150528K, used 44407K [0x00000000c0000000, 0x0000000100000000)
  region size 1024K, 0 young (0K), 0 survivors (0K)
 Metaspace       used 64172K, committed 64960K, reserved 1105920K
  class space    used 9024K, committed 9344K, reserved 1048576K
}
Event: 3649.769 GC heap before
{Heap before GC invocations=402 (full 345):
 garbage-first heap   total 150528K, used 44407K [0x00000000c0000000, 0x0000000100000000)
  region size 1024K, 1 young (1024K), 0 survivors (0K)
 Metaspace       used 64172K, committed 64960K, reserved 1105920K
  class space    used 9024K, committed 9344K, reserved 1048576K
}
Event: 3649.811 GC heap after
{Heap after GC invocations=403 (full 346):
 garbage-first heap   total 150528K, used 44407K [0x00000000c0000000, 0x0000000100000000)
  region size 1024K, 0 young (0K), 0 survivors (0K)
 Metaspace       used 64172K, committed 64960K, reserved 1105920K
  class space    used 9024K, committed 9344K, reserved 1048576K
}
Event: 3659.948 GC heap before
{Heap before GC invocations=403 (full 346):
 garbage-first heap   total 150528K, used 44407K [0x00000000c0000000, 0x0000000100000000)
  region size 1024K, 1 young (1024K), 0 survivors (0K)
 Metaspace       used 64172K, committed 64960K, reserved 1105920K
  class space    used 9024K, committed 9344K, reserved 1048576K
}
Event: 3659.975 GC heap after
{Heap after GC invocations=404 (full 347):
 garbage-first heap   total 150528K, used 44407K [0x00000000c0000000, 0x0000000100000000)
  region size 1024K, 0 young (0K), 0 survivors (0K)
 Metaspace       used 64172K, committed 64960K, reserved 1105920K
  class space    used 9024K, committed 9344K, reserved 1048576K
}
Event: 3670.158 GC heap before
{Heap before GC invocations=404 (full 347):
 garbage-first heap   total 150528K, used 44407K [0x00000000c0000000, 0x0000000100000000)
  region size 1024K, 1 young (1024K), 0 survivors (0K)
 Metaspace       used 64172K, committed 64960K, reserved 1105920K
  class space    used 9024K, committed 9344K, reserved 1048576K
}
Event: 3670.198 GC heap after
{Heap after GC invocations=405 (full 348):
 garbage-first heap   total 150528K, used 44407K [0x00000000c0000000, 0x0000000100000000)
  region size 1024K, 0 young (0K), 0 survivors (0K)
 Metaspace       used 64172K, committed 64960K, reserved 1105920K
  class space    used 9024K, committed 9344K, reserved 1048576K
}

Dll operation events (10 events):
Event: 0.007 Loaded shared library c:\Users\LENOVO\.vscode\extensions\redhat.java-1.15.0-win32-x64\jre\17.0.6-win32-x86_64\bin\java.dll
Event: 0.169 Loaded shared library C:\Users\LENOVO\.vscode\extensions\redhat.java-1.15.0-win32-x64\jre\17.0.6-win32-x86_64\bin\net.dll
Event: 0.171 Loaded shared library C:\Users\LENOVO\.vscode\extensions\redhat.java-1.15.0-win32-x64\jre\17.0.6-win32-x86_64\bin\nio.dll
Event: 0.395 Loaded shared library C:\Users\LENOVO\.vscode\extensions\redhat.java-1.15.0-win32-x64\jre\17.0.6-win32-x86_64\bin\zip.dll
Event: 5.051 Loaded shared library C:\Users\LENOVO\.vscode\extensions\redhat.java-1.15.0-win32-x64\jre\17.0.6-win32-x86_64\bin\jimage.dll
Event: 9.132 Loaded shared library C:\Users\LENOVO\.vscode\extensions\redhat.java-1.15.0-win32-x64\jre\17.0.6-win32-x86_64\bin\management.dll
Event: 9.154 Loaded shared library C:\Users\LENOVO\.vscode\extensions\redhat.java-1.15.0-win32-x64\jre\17.0.6-win32-x86_64\bin\management_ext.dll
Event: 13.720 Loaded shared library C:\Users\LENOVO\.vscode\extensions\redhat.java-1.15.0-win32-x64\jre\17.0.6-win32-x86_64\bin\sunmscapi.dll
Event: 21.425 Loaded shared library c:\Users\LENOVO\.vscode\extensions\redhat.java-1.15.0-win32-x64\jre\17.0.6-win32-x86_64\bin\verify.dll
Event: 27.777 Loaded shared library C:\Users\LENOVO\AppData\Local\Temp\snappy-1.1.8-09d8ae82-e5f3-462c-962d-c3aee64bc236-snappyjava.dll

Deoptimization events (20 events):
Event: 22.395 Thread 0x000001d55b5db070 DEOPT PACKING pc=0x000001d550ad4824 sp=0x0000003e87cfe2e0
Event: 22.395 Thread 0x000001d55b5db070 DEOPT UNPACKING pc=0x000001d54fd87143 sp=0x0000003e87cfd860 mode 0
Event: 22.395 Thread 0x000001d55b5db070 DEOPT PACKING pc=0x000001d550bbfa2c sp=0x0000003e87cfe600
Event: 22.395 Thread 0x000001d55b5db070 DEOPT UNPACKING pc=0x000001d54fd87143 sp=0x0000003e87cfda90 mode 0
Event: 27.382 Thread 0x000001d55ba6ce80 DEOPT PACKING pc=0x000001d550cf8c0c sp=0x0000003e880fd900
Event: 27.382 Thread 0x000001d55ba6ce80 DEOPT UNPACKING pc=0x000001d54fd87143 sp=0x0000003e880fce48 mode 0
Event: 27.396 Thread 0x000001d55ba6ce80 DEOPT PACKING pc=0x000001d550d2e4ac sp=0x0000003e880fca60
Event: 27.396 Thread 0x000001d55ba6ce80 DEOPT UNPACKING pc=0x000001d54fd87143 sp=0x0000003e880fbfe8 mode 0
Event: 27.396 Thread 0x000001d55ba6ce80 DEOPT PACKING pc=0x000001d550d5d844 sp=0x0000003e880fcc00
Event: 27.396 Thread 0x000001d55ba6ce80 DEOPT UNPACKING pc=0x000001d54fd87143 sp=0x0000003e880fc130 mode 0
Event: 27.400 Thread 0x000001d55ba6ce80 DEOPT PACKING pc=0x000001d550cf8c6c sp=0x0000003e880fdc30
Event: 27.400 Thread 0x000001d55ba6ce80 DEOPT UNPACKING pc=0x000001d54fd87143 sp=0x0000003e880fd180 mode 0
Event: 27.400 Thread 0x000001d55ba6ce80 DEOPT PACKING pc=0x000001d550cf8c6c sp=0x0000003e880fdec0
Event: 27.400 Thread 0x000001d55ba6ce80 DEOPT UNPACKING pc=0x000001d54fd87143 sp=0x0000003e880fd410 mode 0
Event: 27.409 Thread 0x000001d55ba6ce80 DEOPT PACKING pc=0x000001d550cf8c6c sp=0x0000003e880fe1f0
Event: 27.409 Thread 0x000001d55ba6ce80 DEOPT UNPACKING pc=0x000001d54fd87143 sp=0x0000003e880fd740 mode 0
Event: 27.409 Thread 0x000001d55ba6ce80 DEOPT PACKING pc=0x000001d550cf8c6c sp=0x0000003e880fe4d0
Event: 27.409 Thread 0x000001d55ba6ce80 DEOPT UNPACKING pc=0x000001d54fd87143 sp=0x0000003e880fda20 mode 0
Event: 3440.646 Thread 0x000001d55b5ac0d0 DEOPT PACKING pc=0x000001d5503429d4 sp=0x0000003e87aff210
Event: 3440.647 Thread 0x000001d55b5ac0d0 DEOPT UNPACKING pc=0x000001d54fd87143 sp=0x0000003e87afe6b8 mode 0

Classes unloaded (20 events):
Event: 150.646 Thread 0x000001d558ac9250 Unloading class 0x00000001000c9400 'java/lang/invoke/LambdaForm$MH+0x00000001000c9400'
Event: 150.646 Thread 0x000001d558ac9250 Unloading class 0x00000001000c8c00 'java/lang/invoke/LambdaForm$MH+0x00000001000c8c00'
Event: 160.821 Thread 0x000001d558ac9250 Unloading class 0x0000000100949c00 'java/lang/invoke/LambdaForm$MH+0x0000000100949c00'
Event: 160.821 Thread 0x000001d558ac9250 Unloading class 0x0000000100949800 'java/lang/invoke/LambdaForm$MH+0x0000000100949800'
Event: 160.821 Thread 0x000001d558ac9250 Unloading class 0x0000000100949400 'java/lang/invoke/LambdaForm$MH+0x0000000100949400'
Event: 160.821 Thread 0x000001d558ac9250 Unloading class 0x0000000100949000 'java/lang/invoke/LambdaForm$MH+0x0000000100949000'
Event: 160.821 Thread 0x000001d558ac9250 Unloading class 0x0000000100948c00 'java/lang/invoke/LambdaForm$MH+0x0000000100948c00'
Event: 160.821 Thread 0x000001d558ac9250 Unloading class 0x0000000100948800 'java/lang/invoke/LambdaForm$MH+0x0000000100948800'
Event: 160.821 Thread 0x000001d558ac9250 Unloading class 0x0000000100948400 'java/lang/invoke/LambdaForm$MH+0x0000000100948400'
Event: 160.821 Thread 0x000001d558ac9250 Unloading class 0x0000000100948000 'java/lang/invoke/LambdaForm$MH+0x0000000100948000'
Event: 160.821 Thread 0x000001d558ac9250 Unloading class 0x0000000100398400 'java/lang/invoke/LambdaForm$MH+0x0000000100398400'
Event: 160.821 Thread 0x000001d558ac9250 Unloading class 0x0000000100355400 'java/lang/invoke/LambdaForm$MH+0x0000000100355400'
Event: 160.821 Thread 0x000001d558ac9250 Unloading class 0x0000000100355000 'java/lang/invoke/LambdaForm$MH+0x0000000100355000'
Event: 160.821 Thread 0x000001d558ac9250 Unloading class 0x00000001000cb800 'java/lang/invoke/LambdaForm$MH+0x00000001000cb800'
Event: 160.821 Thread 0x000001d558ac9250 Unloading class 0x00000001000cb400 'java/lang/invoke/LambdaForm$MH+0x00000001000cb400'
Event: 160.821 Thread 0x000001d558ac9250 Unloading class 0x00000001000cb000 'java/lang/invoke/LambdaForm$MH+0x00000001000cb000'
Event: 160.821 Thread 0x000001d558ac9250 Unloading class 0x00000001000cac00 'java/lang/invoke/LambdaForm$MH+0x00000001000cac00'
Event: 160.821 Thread 0x000001d558ac9250 Unloading class 0x00000001000ca800 'java/lang/invoke/LambdaForm$MH+0x00000001000ca800'
Event: 160.821 Thread 0x000001d558ac9250 Unloading class 0x00000001000ca400 'java/lang/invoke/LambdaForm$MH+0x00000001000ca400'
Event: 160.821 Thread 0x000001d558ac9250 Unloading class 0x00000001000c8400 'java/lang/invoke/LambdaForm$MH+0x00000001000c8400'

Classes redefined (0 events):
No events

Internal exceptions (20 events):
Event: 29.271 Thread 0x000001d55ba6ce80 Exception <a 'sun/nio/fs/WindowsException'{0x00000000f5e6a9e8}> (0x00000000f5e6a9e8) 
thrown [s\src\hotspot\share\prims\jni.cpp, line 516]
Event: 29.271 Thread 0x000001d55ba6ce80 Exception <a 'sun/nio/fs/WindowsException'{0x00000000f5e6add8}> (0x00000000f5e6add8) 
thrown [s\src\hotspot\share\prims\jni.cpp, line 516]
Event: 29.272 Thread 0x000001d55ba6ce80 Exception <a 'sun/nio/fs/WindowsException'{0x00000000f5e9b6d0}> (0x00000000f5e9b6d0) 
thrown [s\src\hotspot\share\prims\jni.cpp, line 516]
Event: 29.272 Thread 0x000001d55ba6ce80 Exception <a 'sun/nio/fs/WindowsException'{0x00000000f5e9ba88}> (0x00000000f5e9ba88) 
thrown [s\src\hotspot\share\prims\jni.cpp, line 516]
Event: 29.272 Thread 0x000001d55ba6ce80 Exception <a 'sun/nio/fs/WindowsException'{0x00000000f5e9ca28}> (0x00000000f5e9ca28) 
thrown [s\src\hotspot\share\prims\jni.cpp, line 516]
Event: 29.272 Thread 0x000001d55ba6ce80 Exception <a 'sun/nio/fs/WindowsException'{0x00000000f5e9ce00}> (0x00000000f5e9ce00) 
thrown [s\src\hotspot\share\prims\jni.cpp, line 516]
Event: 29.272 Thread 0x000001d55ba6ce80 Exception <a 'sun/nio/fs/WindowsException'{0x00000000f5ebe198}> (0x00000000f5ebe198) 
thrown [s\src\hotspot\share\prims\jni.cpp, line 516]
Event: 29.272 Thread 0x000001d55ba6ce80 Exception <a 'sun/nio/fs/WindowsException'{0x00000000f5ebe548}> (0x00000000f5ebe548) 
thrown [s\src\hotspot\share\prims\jni.cpp, line 516]
Event: 29.272 Thread 0x000001d55ba6ce80 Exception <a 'sun/nio/fs/WindowsException'{0x00000000f5ebf4d8}> (0x00000000f5ebf4d8) 
thrown [s\src\hotspot\share\prims\jni.cpp, line 516]
Event: 29.272 Thread 0x000001d55ba6ce80 Exception <a 'sun/nio/fs/WindowsException'{0x00000000f5ebf8a8}> (0x00000000f5ebf8a8) 
thrown [s\src\hotspot\share\prims\jni.cpp, line 516]
Event: 29.274 Thread 0x000001d55ba6ce80 Exception <a 'sun/nio/fs/WindowsException'{0x00000000f5ef6748}> (0x00000000f5ef6748) 
thrown [s\src\hotspot\share\prims\jni.cpp, line 516]
Event: 29.274 Thread 0x000001d55ba6ce80 Exception <a 'sun/nio/fs/WindowsException'{0x00000000f5ef6b20}> (0x00000000f5ef6b20) 
thrown [s\src\hotspot\share\prims\jni.cpp, line 516]
Event: 29.274 Thread 0x000001d55ba6ce80 Exception <a 'sun/nio/fs/WindowsException'{0x00000000f5ef8030}> (0x00000000f5ef8030) 
thrown [s\src\hotspot\share\prims\jni.cpp, line 516]
Event: 29.274 Thread 0x000001d55ba6ce80 Exception <a 'sun/nio/fs/WindowsException'{0x00000000f5ef8420}> (0x00000000f5ef8420) 
thrown [s\src\hotspot\share\prims\jni.cpp, line 516]
Event: 29.275 Thread 0x000001d55ba6ce80 Exception <a 'sun/nio/fs/WindowsException'{0x00000000f5d20a80}> (0x00000000f5d20a80) 
thrown [s\src\hotspot\share\prims\jni.cpp, line 516]
Event: 29.275 Thread 0x000001d55ba6ce80 Exception <a 'sun/nio/fs/WindowsException'{0x00000000f5d20e40}> (0x00000000f5d20e40) 
thrown [s\src\hotspot\share\prims\jni.cpp, line 516]
Event: 29.275 Thread 0x000001d55ba6ce80 Exception <a 'sun/nio/fs/WindowsException'{0x00000000f5d22348}> (0x00000000f5d22348) 
thrown [s\src\hotspot\share\prims\jni.cpp, line 516]
Event: 29.275 Thread 0x000001d55ba6ce80 Exception <a 'sun/nio/fs/WindowsException'{0x00000000f5d22730}> (0x00000000f5d22730) 
thrown [s\src\hotspot\share\prims\jni.cpp, line 516]
Event: 69.165 Thread 0x000001d55b4db050 Exception <a 'java/lang/NoSuchMethodError'{0x00000000f5c876c0}: 'void java.lang.invoke.DirectMethodHandle$Holder.invokeStatic(java.lang.Object, long)'> (0x00000000f5c876c0) 
thrown [s\src\hotspot\share\interpreter\linkResolver.cpp, line 759]
Event: 69.166 Thread 0x000001d55b4db050 Exception <a 'java/lang/NoSuchMethodError'{0x00000000f5c8ca70}: 'java.lang.Object java.lang.invoke.DirectMethodHandle$Holder.newInvokeSpecial(java.lang.Object, long)'> (0x00000000f5c8ca70) 
thrown [s\src\hotspot\share\interpreter\linkResolver.cpp, line 759]

VM Operations (20 events):
Event: 3578.236 Executing VM operation: G1CollectFull done
Event: 3588.392 Executing VM operation: G1CollectFull
Event: 3588.420 Executing VM operation: G1CollectFull done
Event: 3598.557 Executing VM operation: G1CollectFull
Event: 3598.585 Executing VM operation: G1CollectFull done
Event: 3608.740 Executing VM operation: G1CollectFull
Event: 3608.769 Executing VM operation: G1CollectFull done
Event: 3618.923 Executing VM operation: G1CollectFull
Event: 3618.949 Executing VM operation: G1CollectFull done
Event: 3629.134 Executing VM operation: G1CollectFull
Event: 3629.175 Executing VM operation: G1CollectFull done
Event: 3639.528 Executing VM operation: G1CollectFull
Event: 3639.589 Executing VM operation: G1CollectFull done
Event: 3649.769 Executing VM operation: G1CollectFull
Event: 3649.811 Executing VM operation: G1CollectFull done
Event: 3659.948 Executing VM operation: G1CollectFull
Event: 3659.975 Executing VM operation: G1CollectFull done
Event: 3670.158 Executing VM operation: G1CollectFull
Event: 3670.198 Executing VM operation: G1CollectFull done
Event: 3680.264 Executing VM operation: G1CollectFull

Events (20 events):
Event: 39.078 Thread 0x000001d55ba6ce80 Thread exited: 0x000001d55ba6ce80
Event: 44.043 Thread 0x000001d55d9601a0 Thread exited: 0x000001d55d9601a0
Event: 69.154 loading class java/lang/ProcessBuilder
Event: 69.155 loading class java/lang/ProcessBuilder done
Event: 69.155 loading class java/lang/ProcessImpl
Event: 69.156 loading class java/lang/Process
Event: 69.156 loading class java/lang/Process done
Event: 69.156 loading class java/lang/ProcessImpl done
Event: 69.166 loading class java/lang/ProcessImpl$2
Event: 69.166 loading class java/lang/ProcessImpl$2 done
Event: 69.166 loading class java/lang/Process$PipeInputStream
Event: 69.166 loading class java/lang/Process$PipeInputStream done
Event: 69.168 loading class jdk/internal/event/ProcessStartEvent
Event: 69.168 loading class jdk/internal/event/ProcessStartEvent done
Event: 82.650 Thread 0x000001d55b5db070 Thread exited: 0x000001d55b5db070
Event: 142.655 Thread 0x000001d55ba677e0 Thread exited: 0x000001d55ba677e0
Event: 202.669 Thread 0x000001d55b715f80 Thread exited: 0x000001d55b715f80
Event: 262.677 Thread 0x000001d55b713900 Thread exited: 0x000001d55b713900
Event: 322.690 Thread 0x000001d55b716df0 Thread exited: 0x000001d55b716df0
Event: 382.697 Thread 0x000001d55b70ff40 Thread exited: 0x000001d55b70ff40


Dynamic libraries:
0x00007ff7e5b80000 - 0x00007ff7e5b8e000 	c:\Users\LENOVO\.vscode\extensions\redhat.java-1.15.0-win32-x64\jre\17.0.6-win32-x86_64\bin\java.exe
0x00007ffce94f0000 - 0x00007ffce96e8000 	C:\Windows\SYSTEM32\ntdll.dll
0x00007ffce91e0000 - 0x00007ffce929f000 	C:\Windows\System32\KERNEL32.DLL
0x00007ffce6e00000 - 0x00007ffce70d2000 	C:\Windows\System32\KERNELBASE.dll
0x00007ffce70e0000 - 0x00007ffce71e0000 	C:\Windows\System32\ucrtbase.dll
0x00007ffcd4660000 - 0x00007ffcd4679000 	c:\Users\LENOVO\.vscode\extensions\redhat.java-1.15.0-win32-x64\jre\17.0.6-win32-x86_64\bin\VCRUNTIME140.dll
0x00007ffcd40e0000 - 0x00007ffcd40f7000 	c:\Users\LENOVO\.vscode\extensions\redhat.java-1.15.0-win32-x64\jre\17.0.6-win32-x86_64\bin\jli.dll
0x00007ffce8060000 - 0x00007ffce8201000 	C:\Windows\System32\USER32.dll
0x00007ffce7350000 - 0x00007ffce7372000 	C:\Windows\System32\win32u.dll
0x00007ffcd29c0000 - 0x00007ffcd2c5a000 	C:\Windows\WinSxS\amd64_microsoft.windows.common-controls_6595b64144ccf1df_6.0.19041.1110_none_60b5254171f9507e\COMCTL32.dll
0x00007ffce9480000 - 0x00007ffce94ab000 	C:\Windows\System32\GDI32.dll
0x00007ffce7380000 - 0x00007ffce748f000 	C:\Windows\System32\gdi32full.dll
0x00007ffce8c60000 - 0x00007ffce8cfe000 	C:\Windows\System32\msvcrt.dll
0x00007ffce7490000 - 0x00007ffce752d000 	C:\Windows\System32\msvcp_win.dll
0x00007ffce7530000 - 0x00007ffce7562000 	C:\Windows\System32\IMM32.DLL
0x00007ffce0900000 - 0x00007ffce090c000 	c:\Users\LENOVO\.vscode\extensions\redhat.java-1.15.0-win32-x64\jre\17.0.6-win32-x86_64\bin\vcruntime140_1.dll
0x00007ffcaa280000 - 0x00007ffcaa311000 	c:\Users\LENOVO\.vscode\extensions\redhat.java-1.15.0-win32-x64\jre\17.0.6-win32-x86_64\bin\msvcp140.dll
0x00007ffc39600000 - 0x00007ffc3a247000 	c:\Users\LENOVO\.vscode\extensions\redhat.java-1.15.0-win32-x64\jre\17.0.6-win32-x86_64\bin\server\jvm.dll
0x00007ffce92a0000 - 0x00007ffce934e000 	C:\Windows\System32\ADVAPI32.dll
0x00007ffce85f0000 - 0x00007ffce868c000 	C:\Windows\System32\sechost.dll
0x00007ffce7570000 - 0x00007ffce7695000 	C:\Windows\System32\RPCRT4.dll
0x00007ffcc01d0000 - 0x00007ffcc01d9000 	C:\Windows\SYSTEM32\WSOCK32.dll
0x00007ffce9170000 - 0x00007ffce91db000 	C:\Windows\System32\WS2_32.dll
0x00007ffcdb0a0000 - 0x00007ffcdb0c7000 	C:\Windows\SYSTEM32\WINMM.dll
0x00007ffcdf090000 - 0x00007ffcdf09a000 	C:\Windows\SYSTEM32\VERSION.dll
0x00007ffce53f0000 - 0x00007ffce5402000 	C:\Windows\SYSTEM32\kernel.appcore.dll
0x00007ffcdfd90000 - 0x00007ffcdfd9a000 	c:\Users\LENOVO\.vscode\extensions\redhat.java-1.15.0-win32-x64\jre\17.0.6-win32-x86_64\bin\jimage.dll
0x00007ffce4a30000 - 0x00007ffce4c14000 	C:\Windows\SYSTEM32\DBGHELP.DLL
0x00007ffcccd90000 - 0x00007ffcccdc5000 	C:\Windows\SYSTEM32\dbgcore.DLL
0x00007ffce6d70000 - 0x00007ffce6df2000 	C:\Windows\System32\bcryptPrimitives.dll
0x00007ffcd3e20000 - 0x00007ffcd3e45000 	c:\Users\LENOVO\.vscode\extensions\redhat.java-1.15.0-win32-x64\jre\17.0.6-win32-x86_64\bin\java.dll
0x00007ffcd40c0000 - 0x00007ffcd40d8000 	c:\Users\LENOVO\.vscode\extensions\redhat.java-1.15.0-win32-x64\jre\17.0.6-win32-x86_64\bin\zip.dll
0x00007ffce77d0000 - 0x00007ffce7f14000 	C:\Windows\System32\SHELL32.dll
0x00007ffce4c40000 - 0x00007ffce53d2000 	C:\Windows\SYSTEM32\windows.storage.dll
0x00007ffce8270000 - 0x00007ffce85c5000 	C:\Windows\System32\combase.dll
0x00007ffce6640000 - 0x00007ffce6670000 	C:\Windows\SYSTEM32\Wldp.dll
0x00007ffce87d0000 - 0x00007ffce887d000 	C:\Windows\System32\SHCORE.dll
0x00007ffce8960000 - 0x00007ffce89b5000 	C:\Windows\System32\shlwapi.dll
0x00007ffce6b20000 - 0x00007ffce6b3f000 	C:\Windows\SYSTEM32\profapi.dll
0x00007ffcd15f0000 - 0x00007ffcd1609000 	C:\Users\LENOVO\.vscode\extensions\redhat.java-1.15.0-win32-x64\jre\17.0.6-win32-x86_64\bin\net.dll
0x00007ffcdeb90000 - 0x00007ffcdec9c000 	C:\Windows\SYSTEM32\WINHTTP.dll
0x00007ffce6380000 - 0x00007ffce63ea000 	C:\Windows\system32\mswsock.dll
0x00007ffcd0660000 - 0x00007ffcd0675000 	C:\Users\LENOVO\.vscode\extensions\redhat.java-1.15.0-win32-x64\jre\17.0.6-win32-x86_64\bin\nio.dll
0x00007ffce6590000 - 0x00007ffce65a8000 	C:\Windows\SYSTEM32\CRYPTSP.dll
0x00007ffce5c10000 - 0x00007ffce5c44000 	C:\Windows\system32\rsaenh.dll
0x00007ffce6d40000 - 0x00007ffce6d67000 	C:\Windows\System32\bcrypt.dll
0x00007ffce6aa0000 - 0x00007ffce6ace000 	C:\Windows\SYSTEM32\USERENV.dll
0x00007ffce65b0000 - 0x00007ffce65bc000 	C:\Windows\SYSTEM32\CRYPTBASE.dll
0x00007ffce6010000 - 0x00007ffce604b000 	C:\Windows\SYSTEM32\IPHLPAPI.DLL
0x00007ffce7f20000 - 0x00007ffce7f28000 	C:\Windows\System32\NSI.dll
0x00007ffcdf0a0000 - 0x00007ffcdf0b7000 	C:\Windows\SYSTEM32\dhcpcsvc6.DLL
0x00007ffcde530000 - 0x00007ffcde54d000 	C:\Windows\SYSTEM32\dhcpcsvc.DLL
0x00007ffce6060000 - 0x00007ffce612a000 	C:\Windows\SYSTEM32\DNSAPI.dll
0x00007ffce2310000 - 0x00007ffce2319000 	C:\Users\LENOVO\.vscode\extensions\redhat.java-1.15.0-win32-x64\jre\17.0.6-win32-x86_64\bin\management.dll
0x00007ffce22c0000 - 0x00007ffce22cb000 	C:\Users\LENOVO\.vscode\extensions\redhat.java-1.15.0-win32-x64\jre\17.0.6-win32-x86_64\bin\management_ext.dll
0x00007ffce8690000 - 0x00007ffce8698000 	C:\Windows\System32\PSAPI.DLL
0x00007ffce2510000 - 0x00007ffce251e000 	C:\Users\LENOVO\.vscode\extensions\redhat.java-1.15.0-win32-x64\jre\17.0.6-win32-x86_64\bin\sunmscapi.dll
0x00007ffce6be0000 - 0x00007ffce6d36000 	C:\Windows\System32\CRYPT32.dll
0x00007ffce66b0000 - 0x00007ffce66d7000 	C:\Windows\SYSTEM32\ncrypt.dll
0x00007ffce6670000 - 0x00007ffce66ab000 	C:\Windows\SYSTEM32\NTASN1.dll
0x00007ffcdef40000 - 0x00007ffcdef4a000 	C:\Windows\System32\rasadhlp.dll
0x00007ffcd91a0000 - 0x00007ffcd9220000 	C:\Windows\System32\fwpuclnt.dll
0x00007ffcd7e50000 - 0x00007ffcd7e60000 	c:\Users\LENOVO\.vscode\extensions\redhat.java-1.15.0-win32-x64\jre\17.0.6-win32-x86_64\bin\verify.dll
0x000000006c500000 - 0x000000006c5c7000 	C:\Users\LENOVO\AppData\Local\Temp\snappy-1.1.8-09d8ae82-e5f3-462c-962d-c3aee64bc236-snappyjava.dll

dbghelp: loaded successfully - version: 4.0.5 - missing functions: none
symbol engine: initialized successfully - sym options: 0x614 - pdb path: .;c:\Users\LENOVO\.vscode\extensions\redhat.java-1.15.0-win32-x64\jre\17.0.6-win32-x86_64\bin;C:\Windows\SYSTEM32;C:\Windows\WinSxS\amd64_microsoft.windows.common-controls_6595b64144ccf1df_6.0.19041.1110_none_60b5254171f9507e;c:\Users\LENOVO\.vscode\extensions\redhat.java-1.15.0-win32-x64\jre\17.0.6-win32-x86_64\bin\server;C:\Users\LENOVO\AppData\Local\Temp

VM Arguments:
jvm_args: -XX:+HeapDumpOnOutOfMemoryError -Xmx1024m -Dsts.lsp.client=vscode -Dsts.log.file=/dev/null -XX:TieredStopAtLevel=1 -Xlog:jni+resolve=off -Dspring.config.location=file:c:\Users\LENOVO\.vscode\extensions\vmware.vscode-spring-boot-1.46.0\language-server\BOOT-INF\classes\application.properties 
java_command: org.springframework.ide.vscode.boot.app.BootLanguageServerBootApp
java_class_path (initial): c:\Users\LENOVO\.vscode\extensions\vmware.vscode-spring-boot-1.46.0\language-server\BOOT-INF\classes;c:\Users\LENOVO\.vscode\extensions\vmware.vscode-spring-boot-1.46.0\language-server\BOOT-INF\lib\annotations-24.0.1.jar;c:\Users\LENOVO\.vscode\extensions\vmware.vscode-spring-boot-1.46.0\language-server\BOOT-INF\lib\antlr-runtime-3.5.3.jar;c:\Users\LENOVO\.vscode\extensions\vmware.vscode-spring-boot-1.46.0\language-server\BOOT-INF\lib\antlr4-4.11.1.jar;c:\Users\LENOVO\.vscode\extensions\vmware.vscode-spring-boot-1.46.0\language-server\BOOT-INF\lib\antlr4-runtime-4.11.1.jar;c:\Users\LENOVO\.vscode\extensions\vmware.vscode-spring-boot-1.46.0\language-server\BOOT-INF\lib\asm-9.5.jar;c:\Users\LENOVO\.vscode\extensions\vmware.vscode-spring-boot-1.46.0\language-server\BOOT-INF\lib\asm-analysis-9.5.jar;c:\Users\LENOVO\.vscode\extensions\vmware.vscode-spring-boot-1.46.0\language-server\BOOT-INF\lib\asm-tree-9.5.jar;c:\Users\LENOVO\.vscode\extensions\vmware.vscode-spring-boot-1.46.0\language-server\BOOT-INF\lib\asm-util-9.5.jar;c:\Users\LENOVO\.vscode\extensions\vmware.vscode-spring-boot-1.46.0\language-server\BOOT-INF\lib\caffeine-3.1.2.jar;c:\Users\LENOVO\.vscode\extensions\vmware.vscode-spring-boot-1.46.0\language-server\BOOT-INF\lib\checker-qual-3.12.0.jar;c:\Users\LENOVO\.vscode\extensions\vmware.vscode-spring-boot-1.46.0\language-server\BOOT-INF\lib\classgraph-4.8.149.jar;c:\Users\LENOVO\.vscode\extensions\vmware.vscode-spring-boot-1.46.0\language-server\BOOT-INF\lib\commons-codec-1.15.jar;c:\Users\LENOVO\.vscode\extensions\vmware.vscode-spring-boot-1.46.0\language-server\BOOT-INF\lib\commons-compress-1.23.0.jar;c:\Users\LENOVO\.vscode\extensions\vmware.vscode-spring-boot-1.46.0\language-server\BOOT-INF\lib\commons-io-2.4.jar;c:\Users\LENOVO\.vscode\extensions\vmware.vscode-spring-boot-1.46.0\language-server\BOOT-INF\lib\commons-java-1.46.0-SNAPSHOT.jar;c:\Users\LENOVO\.vscode\extensions\vmware.vscode-spring-boot-1.46.0\language-server\BOOT
Launcher Type: SUN_STANDARD

[Global flags]
     intx CICompilerCount                          = 4                                         {product} {ergonomic}
     uint ConcGCThreads                            = 3                                         {product} {ergonomic}
     uint G1ConcRefinementThreads                  = 10                                        {product} {ergonomic}
   size_t G1HeapRegionSize                         = 1048576                                   {product} {ergonomic}
    uintx GCDrainStackTargetSize                   = 64                                        {product} {ergonomic}
     bool HeapDumpOnOutOfMemoryError               = true                                   {manageable} {command line}
   size_t InitialHeapSize                          = 123731968                                 {product} {ergonomic}
   size_t MarkStackSize                            = 4194304                                   {product} {ergonomic}
   size_t MaxHeapSize                              = 1073741824                                {product} {command line}
   size_t MaxNewSize                               = 643825664                                 {product} {ergonomic}
   size_t MinHeapDeltaBytes                        = 1048576                                   {product} {ergonomic}
   size_t MinHeapSize                              = 8388608                                   {product} {ergonomic}
    uintx NonProfiledCodeHeapSize                  = 0                                      {pd product} {ergonomic}
     bool ProfileInterpreter                       = false                                  {pd product} {command line}
    uintx ProfiledCodeHeapSize                     = 0                                      {pd product} {ergonomic}
   size_t SoftMaxHeapSize                          = 1073741824                             {manageable} {ergonomic}
     intx TieredStopAtLevel                        = 1                                         {product} {command line}
     bool UseCompressedClassPointers               = true                           {product lp64_product} {ergonomic}
     bool UseCompressedOops                        = true                           {product lp64_product} {ergonomic}
     bool UseG1GC                                  = true                                      {product} {ergonomic}
     bool UseLargePagesIndividualAllocation        = false                                  {pd product} {ergonomic}

Logging:
Log output configuration:
 #0: stdout all=warning,jni+resolve=off uptime,level,tags
 #1: stderr all=off uptime,level,tags

Environment Variables:
JAVA_HOME=C:\Program Files\Java\jdk1.8.0_221
PATH=C:\Program Files (x86)\Common Files\Oracle\Java\javapath;C:\Windows\system32;C:\Windows;C:\Windows\System32\Wbem;C:\Windows\System32\WindowsPowerShell\v1.0\;C:\Windows\System32\OpenSSH\;C:\Program Files (x86)\NVIDIA Corporation\PhysX\Common;C:\Program Files\NVIDIA Corporation\NVIDIA NvDLISR;C:\dart-sdk\bin;C:\flutter\bin;C:\Program Files\Git\cmd;C:\msys64\mingw64\bin;C:\Program Files\Java\jdk1.8.0_221\bin;C:\apache-maven-3.9.1\bin;C:\Program Files\nodejs;C:\ProgramData\chocolatey\bin;C:\Program Files (x86)\Microsoft SQL Server\160\Tools\Binn\;C:\Program Files\Microsoft SQL Server\160\Tools\Binn\;C:\Program Files\Microsoft SQL Server\Client SDK\ODBC\170\Tools\Binn\;C:\Program Files\Microsoft SQL Server\160\DTS\Binn\;C:\Program Files (x86)\Microsoft SQL Server\160\DTS\Binn\;C:\Program Files\Azure Data Studio\bin;C:\MinGW\bin;;C:\Program Files\Docker\Docker\resources\bin;C:\Users\LENOVO\AppData\Local\Microsoft\WindowsApps;C:\Users\LENOVO\AppData\Local\Programs\Microsoft VS Code\bin;dartsdk-windows-x64-release.zip\dart-sdk\bin;dartsdk-windows-x64-release.zip\dart-sdk;flutter_windows_3.0.5-stable.zip\flutter\bin;flutter_windows_3.0.5-stable.zip\flutter;C:\Users\LENOVO\AppData\Roaming\npm;C:\Program Files\Azure Data Studio\bin
USERNAME=LENOVO
OS=Windows_NT
PROCESSOR_IDENTIFIER=AMD64 Family 23 Model 96 Stepping 1, AuthenticAMD
TMP=C:\Users\LENOVO\AppData\Local\Temp
TEMP=C:\Users\LENOVO\AppData\Local\Temp



---------------  S Y S T E M  ---------------

OS:
 Windows 10 , 64 bit Build 19041 (10.0.19041.2364)
OS uptime: 1 days 22:14 hours
Hyper-V role detected

CPU: total 12 (initial active 12) (12 cores per cpu, 2 threads per core) family 23 model 96 stepping 1 microcode 0x0, cx8, cmov, fxsr, ht, mmx, 3dnowpref, sse, sse2, sse3, ssse3, sse4a, sse4.1, sse4.2, popcnt, lzcnt, tsc, tscinvbit, avx, avx2, aes, clmul, bmi1, bmi2, adx, sha, fma, vzeroupper, clflush, clflushopt, hv

Memory: 4k page, system-wide physical 7549M (515M free)
TotalPageFile size 22673M (AvailPageFile size 8M)
current process WorkingSet (physical memory assigned to process): 82M, peak: 912M
current process commit charge ("private bytes"): 342M, peak: 1203M

vm_info: OpenJDK 64-Bit Server VM (17.0.6+10) for windows-amd64 JRE (17.0.6+10), built on Jan 18 2023 10:08:59 by "temurin" with MS VC++ 16.7 (VS2019)

END.
