#
# There is insufficient memory for the Java Runtime Environment to continue.
# Native memory allocation (malloc) failed to allocate 1048576 bytes for AllocateHeap
# Possible reasons:
#   The system is out of physical RAM or swap space
#   The process is running with CompressedOops enabled, and the Java Heap may be blocking the growth of the native heap
# Possible solutions:
#   Reduce memory load on the system
#   Increase physical memory or swap space
#   Check if swap backing store is full
#   Decrease Java heap size (-Xmx/-Xms)
#   Decrease number of Java threads
#   Decrease Java thread stack sizes (-Xss)
#   Set larger code cache with -XX:ReservedCodeCacheSize=
#   JVM is running with Unscaled Compressed Oops mode in which the Java heap is
#     placed in the first 4GB address space. The Java Heap base address is the
#     maximum limit for the native heap growth. Please use -XX:HeapBaseMinAddress
#     to set the Java Heap base and to place the Java Heap above 4GB virtual address.
# This output file may be truncated or incomplete.
#
#  Out of Memory Error (allocation.cpp:44), pid=19204, tid=19540
#
# JRE version: OpenJDK Runtime Environment Temurin-17.0.6+10 (17.0.6+10) (build 17.0.6+10)
# Java VM: OpenJDK 64-Bit Server VM Temurin-17.0.6+10 (17.0.6+10, mixed mode, emulated-client, tiered, compressed oops, compressed class ptrs, g1 gc, windows-amd64)
# No core dump will be written. Minidumps are not enabled by default on client versions of Windows
#

---------------  S U M M A R Y ------------

Command Line: -XX:+HeapDumpOnOutOfMemoryError -Xmx1024m -Dsts.lsp.client=vscode -Dsts.log.file=/dev/null -XX:TieredStopAtLevel=1 -Xlog:jni+resolve=off -Dspring.config.location=file:c:\Users\LENOVO\.vscode\extensions\vmware.vscode-spring-boot-1.46.0\language-server\BOOT-INF\classes\application.properties org.springframework.ide.vscode.boot.app.BootLanguageServerBootApp

Host: AMD Ryzen 5 4600H with Radeon Graphics         , 12 cores, 7G,  Windows 10 , 64 bit Build 19041 (10.0.19041.2364)
Time: Wed Jun  7 19:40:25 2023 SE Asia Standard Time elapsed time: 33769.867564 seconds (0d 9h 22m 49s)

---------------  T H R E A D  ---------------

Current thread (0x000001842bdaa410):  VMThread "VM Thread" [stack: 0x0000004290700000,0x0000004290800000] [id=19540]

Stack: [0x0000004290700000,0x0000004290800000]
Native frames: (J=compiled Java code, j=interpreted, Vv=VM code, C=native code)
V  [jvm.dll+0x67741a]
V  [jvm.dll+0x834434]
V  [jvm.dll+0x835bde]
V  [jvm.dll+0x836243]
V  [jvm.dll+0x2457b5]
V  [jvm.dll+0xa626f]
V  [jvm.dll+0x2f5ad3]
V  [jvm.dll+0x2f17e0]
V  [jvm.dll+0x2d9ee7]
V  [jvm.dll+0x31ce67]
V  [jvm.dll+0x83a6eb]
V  [jvm.dll+0x83b424]
V  [jvm.dll+0x83b93c]
V  [jvm.dll+0x83bd14]
V  [jvm.dll+0x83bde0]
V  [jvm.dll+0x7e483a]
V  [jvm.dll+0x6762c5]
C  [ucrtbase.dll+0x21bb2]
C  [KERNEL32.DLL+0x17614]
C  [ntdll.dll+0x526a1]

VM_Operation (0x00000042922feea0): G1CollectFull, mode: safepoint, requested by thread 0x000001842e984bf0


---------------  P R O C E S S  ---------------

Threads class SMR info:
_java_thread_list=0x000001842e4a9690, length=22, elements={
0x000001842bdbe390, 0x000001842bdbf110, 0x000001842bdeba30, 0x000001842bdee5c0,
0x000001842bdefe90, 0x000001842bdf2760, 0x000001842bdf3020, 0x000001842bdf4340,
0x000001842c9f5310, 0x000001842c9fd7f0, 0x000001842e946e30, 0x000001842e983030,
0x000001842e984bf0, 0x000001842e998160, 0x0000018420b863d0, 0x000001842e9c5c20,
0x000001842e9fc3d0, 0x000001842ea2fba0, 0x000001842eb66560, 0x000001842eb673d0,
0x000001842eb69580, 0x000001842eb68240
}

Java Threads: ( => current thread )
  0x000001842bdbe390 JavaThread "Reference Handler" daemon [_thread_blocked, id=20500, stack(0x0000004290800000,0x0000004290900000)]
  0x000001842bdbf110 JavaThread "Finalizer" daemon [_thread_blocked, id=12352, stack(0x0000004290900000,0x0000004290a00000)]
  0x000001842bdeba30 JavaThread "Signal Dispatcher" daemon [_thread_blocked, id=15064, stack(0x0000004290a00000,0x0000004290b00000)]
  0x000001842bdee5c0 JavaThread "Attach Listener" daemon [_thread_blocked, id=15068, stack(0x0000004290b00000,0x0000004290c00000)]
  0x000001842bdefe90 JavaThread "Service Thread" daemon [_thread_blocked, id=2060, stack(0x0000004290c00000,0x0000004290d00000)]
  0x000001842bdf2760 JavaThread "Monitor Deflation Thread" daemon [_thread_blocked, id=2072, stack(0x0000004290d00000,0x0000004290e00000)]
  0x000001842bdf3020 JavaThread "C1 CompilerThread0" daemon [_thread_blocked, id=2160, stack(0x0000004290e00000,0x0000004290f00000)]
  0x000001842bdf4340 JavaThread "Sweeper thread" daemon [_thread_blocked, id=11340, stack(0x0000004290f00000,0x0000004291000000)]
  0x000001842c9f5310 JavaThread "Notification Thread" daemon [_thread_blocked, id=12400, stack(0x0000004291000000,0x0000004291100000)]
  0x000001842c9fd7f0 JavaThread "Common-Cleaner" daemon [_thread_blocked, id=19404, stack(0x0000004291200000,0x0000004291300000)]
  0x000001842e946e30 JavaThread "boundedElastic-evictor-1" daemon [_thread_blocked, id=8180, stack(0x0000004292000000,0x0000004292100000)]
  0x000001842e983030 JavaThread "boundedElastic-evictor-2" daemon [_thread_blocked, id=13440, stack(0x0000004292100000,0x0000004292200000)]
  0x000001842e984bf0 JavaThread "pool-10-thread-1" [_thread_blocked, id=6160, stack(0x0000004292200000,0x0000004292300000)]
  0x000001842e998160 JavaThread "LanguageServerApp-lifecycle" [_thread_blocked, id=9404, stack(0x0000004292300000,0x0000004292400000)]
  0x0000018420b863d0 JavaThread "DestroyJavaVM" [_thread_blocked, id=7064, stack(0x0000004290100000,0x0000004290200000)]
  0x000001842e9c5c20 JavaThread "pool-11-thread-1" [_thread_in_native, id=3428, stack(0x0000004292400000,0x0000004292500000)]
  0x000001842e9fc3d0 JavaThread "Simple-Language-Server main thread" daemon [_thread_blocked, id=2356, stack(0x0000004292500000,0x0000004292600000)]
  0x000001842ea2fba0 JavaThread "pool-6-thread-1" [_thread_blocked, id=3980, stack(0x0000004292600000,0x0000004292700000)]
  0x000001842eb66560 JavaThread "parallel-1" daemon [_thread_blocked, id=3460, stack(0x0000004293b00000,0x0000004293c00000)]
  0x000001842eb673d0 JavaThread "pool-4-thread-1" [_thread_blocked, id=19076, stack(0x0000004293f00000,0x0000004294000000)]
  0x000001842eb69580 JavaThread "parallel-2" daemon [_thread_blocked, id=9124, stack(0x0000004294500000,0x0000004294600000)]
  0x000001842eb68240 JavaThread "parallel-3" daemon [_thread_blocked, id=14520, stack(0x0000004292900000,0x0000004292a00000)]

Other Threads:
=>0x000001842bdaa410 VMThread "VM Thread" [stack: 0x0000004290700000,0x0000004290800000] [id=19540]
  0x0000018420be4f50 WatcherThread [stack: 0x0000004291100000,0x0000004291200000] [id=18516]
  0x0000018420bc3f50 GCTaskThread "GC Thread#0" [stack: 0x0000004290200000,0x0000004290300000] [id=2208]
  0x000001842d1b9990 GCTaskThread "GC Thread#1" [stack: 0x0000004291400000,0x0000004291500000] [id=2848]
  0x000001842e0395b0 GCTaskThread "GC Thread#2" [stack: 0x0000004291500000,0x0000004291600000] [id=17940]
  0x000001842e039860 GCTaskThread "GC Thread#3" [stack: 0x0000004291600000,0x0000004291700000] [id=17168]
  0x000001842e039b10 GCTaskThread "GC Thread#4" [stack: 0x0000004291700000,0x0000004291800000] [id=9384]
  0x000001842e2b2fb0 GCTaskThread "GC Thread#5" [stack: 0x0000004291900000,0x0000004291a00000] [id=3852]
  0x000001842e2b3260 GCTaskThread "GC Thread#6" [stack: 0x0000004291a00000,0x0000004291b00000] [id=19024]
  0x000001842e2b3510 GCTaskThread "GC Thread#7" [stack: 0x0000004291b00000,0x0000004291c00000] [id=19236]
  0x000001842e2b37c0 GCTaskThread "GC Thread#8" [stack: 0x0000004291c00000,0x0000004291d00000] [id=21040]
  0x000001842e44fc90 GCTaskThread "GC Thread#9" [stack: 0x0000004291d00000,0x0000004291e00000] [id=14768]
  0x0000018420bccda0 ConcurrentGCThread "G1 Main Marker" [stack: 0x0000004290300000,0x0000004290400000] [id=2336]
  0x0000018420bce6d0 ConcurrentGCThread "G1 Conc#0" [stack: 0x0000004290400000,0x0000004290500000] [id=2420]
  0x000001842e32d850 ConcurrentGCThread "G1 Conc#1" [stack: 0x0000004291e00000,0x0000004291f00000] [id=14760]
  0x000001842e46f430 ConcurrentGCThread "G1 Conc#2" [stack: 0x0000004291f00000,0x0000004292000000] [id=11836]
  0x000001842bc20090 ConcurrentGCThread "G1 Refine#0" [stack: 0x0000004290500000,0x0000004290600000] [id=17236]
  0x00000184309e1ad0 ConcurrentGCThread "G1 Refine#1" [stack: 0x0000004294000000,0x0000004294100000] [id=17560]
  0x00000184309e1db0 ConcurrentGCThread "G1 Refine#2" [stack: 0x0000004294100000,0x0000004294200000] [id=4988]
  0x00000184309e4000 ConcurrentGCThread "G1 Refine#3" [stack: 0x0000004294200000,0x0000004294300000] [id=19448]
  0x00000184309e3760 ConcurrentGCThread "G1 Refine#4" [stack: 0x0000004294300000,0x0000004294400000] [id=18924]
  0x00000184309e3d20 ConcurrentGCThread "G1 Refine#5" [stack: 0x0000004294400000,0x0000004294500000] [id=18896]
  0x00000184309e2ec0 ConcurrentGCThread "G1 Refine#6" [stack: 0x0000004291800000,0x0000004291900000] [id=14180]
  0x00000184309e3480 ConcurrentGCThread "G1 Refine#7" [stack: 0x0000004294a00000,0x0000004294b00000] [id=2876]
  0x00000184309e31a0 ConcurrentGCThread "G1 Refine#8" [stack: 0x0000004294d00000,0x0000004294e00000] [id=11332]
  0x00000184309e2900 ConcurrentGCThread "G1 Refine#9" [stack: 0x0000004294e00000,0x0000004294f00000] [id=7892]
  0x000001842bc209c0 ConcurrentGCThread "G1 Service" [stack: 0x0000004290600000,0x0000004290700000] [id=21088]

Threads with active compile tasks:

VM state: at safepoint (normal execution)

VM Mutex/Monitor currently owned by a thread:  ([mutex/lock_event])
[0x000001841e949c20] Threads_lock - owner thread: 0x000001842bdaa410
[0x0000018420b74780] Heap_lock - owner thread: 0x000001842e984bf0

Heap address: 0x00000000c0000000, size: 1024 MB, Compressed Oops mode: 32-bit

CDS archive(s) not mapped
Compressed class space mapped at: 0x0000000100000000-0x0000000140000000, reserved size: 1073741824
Narrow klass base: 0x0000000000000000, Narrow klass shift: 3, Narrow klass range: 0x140000000

GC Precious Log:
 CPUs: 12 total, 12 available
 Memory: 7549M
 Large Page Support: Disabled
 NUMA Support: Disabled
 Compressed Oops: Enabled (32-bit)
 Heap Region Size: 1M
 Heap Min Capacity: 8M
 Heap Initial Capacity: 118M
 Heap Max Capacity: 1G
 Pre-touch: Disabled
 Parallel Workers: 10
 Concurrent Workers: 3
 Concurrent Refinement Workers: 10
 Periodic GC: Disabled

Heap:
 garbage-first heap   total 153600K, used 44772K [0x00000000c0000000, 0x0000000100000000)
  region size 1024K, 1 young (1024K), 0 survivors (0K)
 Metaspace       used 64424K, committed 65088K, reserved 1105920K
  class space    used 9062K, committed 9344K, reserved 1048576K

Heap Regions: E=young(eden), S=young(survivor), O=old, HS=humongous(starts), HC=humongous(continues), CS=collection set, F=free, OA=open archive, CA=closed archive, TAMS=top-at-mark-start (previous, next)
|   0|0x00000000c0000000, 0x00000000c0100000, 0x00000000c0100000|100%| O|  |TAMS 0x00000000c0100000, 0x00000000c0000000| Untracked 
|   1|0x00000000c0100000, 0x00000000c01fffd8, 0x00000000c0200000| 99%| O|  |TAMS 0x00000000c01fffd8, 0x00000000c0100000| Untracked 
|   2|0x00000000c0200000, 0x00000000c0300000, 0x00000000c0300000|100%| O|  |TAMS 0x00000000c0300000, 0x00000000c0200000| Untracked 
|   3|0x00000000c0300000, 0x00000000c0400000, 0x00000000c0400000|100%| O|  |TAMS 0x00000000c0400000, 0x00000000c0300000| Untracked 
|   4|0x00000000c0400000, 0x00000000c04fbd20, 0x00000000c0500000| 98%| O|  |TAMS 0x00000000c04fbd20, 0x00000000c0400000| Untracked 
|   5|0x00000000c0500000, 0x00000000c05ffff0, 0x00000000c0600000| 99%| O|  |TAMS 0x00000000c05ffff0, 0x00000000c0500000| Untracked 
|   6|0x00000000c0600000, 0x00000000c06fffd8, 0x00000000c0700000| 99%| O|  |TAMS 0x00000000c06fffd8, 0x00000000c0600000| Untracked 
|   7|0x00000000c0700000, 0x00000000c0800000, 0x00000000c0800000|100%|HS|  |TAMS 0x00000000c0800000, 0x00000000c0700000| Untracked 
|   8|0x00000000c0800000, 0x00000000c08fffe0, 0x00000000c0900000| 99%| O|  |TAMS 0x00000000c08fffe0, 0x00000000c0800000| Untracked 
|   9|0x00000000c0900000, 0x00000000c09fffd0, 0x00000000c0a00000| 99%| O|  |TAMS 0x00000000c09fffd0, 0x00000000c0900000| Untracked 
|  10|0x00000000c0a00000, 0x00000000c0affff0, 0x00000000c0b00000| 99%| O|  |TAMS 0x00000000c0affff0, 0x00000000c0a00000| Untracked 
|  11|0x00000000c0b00000, 0x00000000c0bffff0, 0x00000000c0c00000| 99%| O|  |TAMS 0x00000000c0bffff0, 0x00000000c0b00000| Untracked 
|  12|0x00000000c0c00000, 0x00000000c0d00000, 0x00000000c0d00000|100%| O|  |TAMS 0x00000000c0d00000, 0x00000000c0c00000| Untracked 
|  13|0x00000000c0d00000, 0x00000000c0dffff8, 0x00000000c0e00000| 99%| O|  |TAMS 0x00000000c0dffff8, 0x00000000c0d00000| Untracked 
|  14|0x00000000c0e00000, 0x00000000c0efffd8, 0x00000000c0f00000| 99%| O|  |TAMS 0x00000000c0efffd8, 0x00000000c0e00000| Untracked 
|  15|0x00000000c0f00000, 0x00000000c0ffffd0, 0x00000000c1000000| 99%| O|  |TAMS 0x00000000c0ffffd0, 0x00000000c0f00000| Untracked 
|  16|0x00000000c1000000, 0x00000000c10ffff8, 0x00000000c1100000| 99%| O|  |TAMS 0x00000000c10ffff8, 0x00000000c1000000| Untracked 
|  17|0x00000000c1100000, 0x00000000c11f9670, 0x00000000c1200000| 97%| O|  |TAMS 0x00000000c11f9670, 0x00000000c1100000| Untracked 
|  18|0x00000000c1200000, 0x00000000c12ffff8, 0x00000000c1300000| 99%| O|  |TAMS 0x00000000c12ffff8, 0x00000000c1200000| Untracked 
|  19|0x00000000c1300000, 0x00000000c13fffd8, 0x00000000c1400000| 99%| O|  |TAMS 0x00000000c13fffd8, 0x00000000c1300000| Untracked 
|  20|0x00000000c1400000, 0x00000000c14fffd0, 0x00000000c1500000| 99%| O|  |TAMS 0x00000000c14fffd0, 0x00000000c1400000| Untracked 
|  21|0x00000000c1500000, 0x00000000c15fffb0, 0x00000000c1600000| 99%| O|  |TAMS 0x00000000c15fffb0, 0x00000000c1500000| Untracked 
|  22|0x00000000c1600000, 0x00000000c16ff238, 0x00000000c1700000| 99%| O|  |TAMS 0x00000000c16ff238, 0x00000000c1600000| Untracked 
|  23|0x00000000c1700000, 0x00000000c17ffff0, 0x00000000c1800000| 99%| O|  |TAMS 0x00000000c17ffff0, 0x00000000c1700000| Untracked 
|  24|0x00000000c1800000, 0x00000000c18ff070, 0x00000000c1900000| 99%| O|  |TAMS 0x00000000c18ff070, 0x00000000c1800000| Untracked 
|  25|0x00000000c1900000, 0x00000000c19fffc8, 0x00000000c1a00000| 99%| O|  |TAMS 0x00000000c19fffc8, 0x00000000c1900000| Untracked 
|  26|0x00000000c1a00000, 0x00000000c1afffe8, 0x00000000c1b00000| 99%| O|  |TAMS 0x00000000c1afffe8, 0x00000000c1a00000| Untracked 
|  27|0x00000000c1b00000, 0x00000000c1bffff0, 0x00000000c1c00000| 99%| O|  |TAMS 0x00000000c1bffff0, 0x00000000c1b00000| Untracked 
|  28|0x00000000c1c00000, 0x00000000c1cffff8, 0x00000000c1d00000| 99%| O|  |TAMS 0x00000000c1cffff8, 0x00000000c1c00000| Untracked 
|  29|0x00000000c1d00000, 0x00000000c1dfe048, 0x00000000c1e00000| 99%| O|  |TAMS 0x00000000c1dfe048, 0x00000000c1d00000| Untracked 
|  30|0x00000000c1e00000, 0x00000000c1effff8, 0x00000000c1f00000| 99%| O|  |TAMS 0x00000000c1effff8, 0x00000000c1e00000| Untracked 
|  31|0x00000000c1f00000, 0x00000000c2000000, 0x00000000c2000000|100%| O|  |TAMS 0x00000000c2000000, 0x00000000c1f00000| Untracked 
|  32|0x00000000c2000000, 0x00000000c20fffe8, 0x00000000c2100000| 99%| O|  |TAMS 0x00000000c20fffe8, 0x00000000c2000000| Untracked 
|  33|0x00000000c2100000, 0x00000000c21fc418, 0x00000000c2200000| 98%| O|  |TAMS 0x00000000c21fc418, 0x00000000c2100000| Untracked 
|  34|0x00000000c2200000, 0x00000000c22fffb8, 0x00000000c2300000| 99%| O|  |TAMS 0x00000000c22fffb8, 0x00000000c2200000| Untracked 
|  35|0x00000000c2300000, 0x00000000c23fffb8, 0x00000000c2400000| 99%| O|  |TAMS 0x00000000c23fffb8, 0x00000000c2300000| Untracked 
|  36|0x00000000c2400000, 0x00000000c24cb0a0, 0x00000000c2500000| 79%| O|  |TAMS 0x00000000c2400000, 0x00000000c2400000| Untracked 
|  37|0x00000000c2500000, 0x00000000c25ffc90, 0x00000000c2600000| 99%| O|  |TAMS 0x00000000c25ffc90, 0x00000000c2500000| Untracked 
|  38|0x00000000c2600000, 0x00000000c2600d18, 0x00000000c2700000|  0%| O|  |TAMS 0x00000000c2600000, 0x00000000c2600000| Untracked 
|  39|0x00000000c2700000, 0x00000000c2800000, 0x00000000c2800000|100%|HS|  |TAMS 0x00000000c2800000, 0x00000000c2700000| Untracked 
|  40|0x00000000c2800000, 0x00000000c2900000, 0x00000000c2900000|100%|HC|  |TAMS 0x00000000c2900000, 0x00000000c2800000| Untracked 
|  41|0x00000000c2900000, 0x00000000c29ffff8, 0x00000000c2a00000| 99%| O|  |TAMS 0x00000000c29ffff8, 0x00000000c2900000| Untracked 
|  42|0x00000000c2a00000, 0x00000000c2a00000, 0x00000000c2b00000|  0%| F|  |TAMS 0x00000000c2a00000, 0x00000000c2a00000| Untracked 
|  43|0x00000000c2b00000, 0x00000000c2b00000, 0x00000000c2c00000|  0%| F|  |TAMS 0x00000000c2b00000, 0x00000000c2b00000| Untracked 
|  44|0x00000000c2c00000, 0x00000000c2c00000, 0x00000000c2d00000|  0%| F|  |TAMS 0x00000000c2c00000, 0x00000000c2c00000| Untracked 
|  45|0x00000000c2d00000, 0x00000000c2d00000, 0x00000000c2e00000|  0%| F|  |TAMS 0x00000000c2d00000, 0x00000000c2d00000| Untracked 
|  46|0x00000000c2e00000, 0x00000000c2e00000, 0x00000000c2f00000|  0%| F|  |TAMS 0x00000000c2e00000, 0x00000000c2e00000| Untracked 
|  47|0x00000000c2f00000, 0x00000000c2f00000, 0x00000000c3000000|  0%| F|  |TAMS 0x00000000c2f00000, 0x00000000c2f00000| Untracked 
|  48|0x00000000c3000000, 0x00000000c3000000, 0x00000000c3100000|  0%| F|  |TAMS 0x00000000c3000000, 0x00000000c3000000| Untracked 
|  49|0x00000000c3100000, 0x00000000c3100000, 0x00000000c3200000|  0%| F|  |TAMS 0x00000000c3100000, 0x00000000c3100000| Untracked 
|  50|0x00000000c3200000, 0x00000000c3200000, 0x00000000c3300000|  0%| F|  |TAMS 0x00000000c3200000, 0x00000000c3200000| Untracked 
|  51|0x00000000c3300000, 0x00000000c3300000, 0x00000000c3400000|  0%| F|  |TAMS 0x00000000c3300000, 0x00000000c3300000| Untracked 
|  52|0x00000000c3400000, 0x00000000c3400000, 0x00000000c3500000|  0%| F|  |TAMS 0x00000000c3400000, 0x00000000c3400000| Untracked 
|  53|0x00000000c3500000, 0x00000000c3500000, 0x00000000c3600000|  0%| F|  |TAMS 0x00000000c3500000, 0x00000000c3500000| Untracked 
|  54|0x00000000c3600000, 0x00000000c3600000, 0x00000000c3700000|  0%| F|  |TAMS 0x00000000c3600000, 0x00000000c3600000| Untracked 
|  55|0x00000000c3700000, 0x00000000c3700000, 0x00000000c3800000|  0%| F|  |TAMS 0x00000000c3700000, 0x00000000c3700000| Untracked 
|  56|0x00000000c3800000, 0x00000000c3800000, 0x00000000c3900000|  0%| F|  |TAMS 0x00000000c3800000, 0x00000000c3800000| Untracked 
|  57|0x00000000c3900000, 0x00000000c39fffc8, 0x00000000c3a00000| 99%| O|  |TAMS 0x00000000c39fffc8, 0x00000000c3900000| Untracked 
|  58|0x00000000c3a00000, 0x00000000c3a00000, 0x00000000c3b00000|  0%| F|  |TAMS 0x00000000c3a00000, 0x00000000c3a00000| Untracked 
|  59|0x00000000c3b00000, 0x00000000c3b00000, 0x00000000c3c00000|  0%| F|  |TAMS 0x00000000c3b00000, 0x00000000c3b00000| Untracked 
|  60|0x00000000c3c00000, 0x00000000c3c00000, 0x00000000c3d00000|  0%| F|  |TAMS 0x00000000c3c00000, 0x00000000c3c00000| Untracked 
|  61|0x00000000c3d00000, 0x00000000c3d00000, 0x00000000c3e00000|  0%| F|  |TAMS 0x00000000c3d00000, 0x00000000c3d00000| Untracked 
|  62|0x00000000c3e00000, 0x00000000c3e00000, 0x00000000c3f00000|  0%| F|  |TAMS 0x00000000c3e00000, 0x00000000c3e00000| Untracked 
|  63|0x00000000c3f00000, 0x00000000c3f00000, 0x00000000c4000000|  0%| F|  |TAMS 0x00000000c3f00000, 0x00000000c3f00000| Untracked 
|  64|0x00000000c4000000, 0x00000000c4000000, 0x00000000c4100000|  0%| F|  |TAMS 0x00000000c4000000, 0x00000000c4000000| Untracked 
|  65|0x00000000c4100000, 0x00000000c4100000, 0x00000000c4200000|  0%| F|  |TAMS 0x00000000c4100000, 0x00000000c4100000| Untracked 
|  66|0x00000000c4200000, 0x00000000c4200000, 0x00000000c4300000|  0%| F|  |TAMS 0x00000000c4200000, 0x00000000c4200000| Untracked 
|  67|0x00000000c4300000, 0x00000000c4300000, 0x00000000c4400000|  0%| F|  |TAMS 0x00000000c4300000, 0x00000000c4300000| Untracked 
|  68|0x00000000c4400000, 0x00000000c4400000, 0x00000000c4500000|  0%| F|  |TAMS 0x00000000c4400000, 0x00000000c4400000| Untracked 
|  69|0x00000000c4500000, 0x00000000c4500000, 0x00000000c4600000|  0%| F|  |TAMS 0x00000000c4500000, 0x00000000c4500000| Untracked 
|  70|0x00000000c4600000, 0x00000000c4600000, 0x00000000c4700000|  0%| F|  |TAMS 0x00000000c4600000, 0x00000000c4600000| Untracked 
|  71|0x00000000c4700000, 0x00000000c4800000, 0x00000000c4800000|100%|HS|  |TAMS 0x00000000c4800000, 0x00000000c4700000| Untracked 
|  72|0x00000000c4800000, 0x00000000c4800000, 0x00000000c4900000|  0%| F|  |TAMS 0x00000000c4800000, 0x00000000c4800000| Untracked 
|  73|0x00000000c4900000, 0x00000000c4900000, 0x00000000c4a00000|  0%| F|  |TAMS 0x00000000c4900000, 0x00000000c4900000| Untracked 
|  74|0x00000000c4a00000, 0x00000000c4b00000, 0x00000000c4b00000|100%|HS|  |TAMS 0x00000000c4b00000, 0x00000000c4a00000| Untracked 
|  75|0x00000000c4b00000, 0x00000000c4b00000, 0x00000000c4c00000|  0%| F|  |TAMS 0x00000000c4b00000, 0x00000000c4b00000| Untracked 
|  76|0x00000000c4c00000, 0x00000000c4c00000, 0x00000000c4d00000|  0%| F|  |TAMS 0x00000000c4c00000, 0x00000000c4c00000| Untracked 
|  77|0x00000000c4d00000, 0x00000000c4d00000, 0x00000000c4e00000|  0%| F|  |TAMS 0x00000000c4d00000, 0x00000000c4d00000| Untracked 
|  78|0x00000000c4e00000, 0x00000000c4e00000, 0x00000000c4f00000|  0%| F|  |TAMS 0x00000000c4e00000, 0x00000000c4e00000| Untracked 
|  79|0x00000000c4f00000, 0x00000000c4f00000, 0x00000000c5000000|  0%| F|  |TAMS 0x00000000c4f00000, 0x00000000c4f00000| Untracked 
|  80|0x00000000c5000000, 0x00000000c5000000, 0x00000000c5100000|  0%| F|  |TAMS 0x00000000c5000000, 0x00000000c5000000| Untracked 
|  81|0x00000000c5100000, 0x00000000c5100000, 0x00000000c5200000|  0%| F|  |TAMS 0x00000000c5100000, 0x00000000c5100000| Untracked 
|  82|0x00000000c5200000, 0x00000000c5200000, 0x00000000c5300000|  0%| F|  |TAMS 0x00000000c5200000, 0x00000000c5200000| Untracked 
|  83|0x00000000c5300000, 0x00000000c5300000, 0x00000000c5400000|  0%| F|  |TAMS 0x00000000c5300000, 0x00000000c5300000| Untracked 
|  84|0x00000000c5400000, 0x00000000c5400000, 0x00000000c5500000|  0%| F|  |TAMS 0x00000000c5400000, 0x00000000c5400000| Untracked 
|  85|0x00000000c5500000, 0x00000000c5500000, 0x00000000c5600000|  0%| F|  |TAMS 0x00000000c5500000, 0x00000000c5500000| Untracked 
|  86|0x00000000c5600000, 0x00000000c5600000, 0x00000000c5700000|  0%| F|  |TAMS 0x00000000c5600000, 0x00000000c5600000| Untracked 
|  87|0x00000000c5700000, 0x00000000c5700000, 0x00000000c5800000|  0%| F|  |TAMS 0x00000000c5700000, 0x00000000c5700000| Untracked 
|  88|0x00000000c5800000, 0x00000000c5800000, 0x00000000c5900000|  0%| F|  |TAMS 0x00000000c5800000, 0x00000000c5800000| Untracked 
|  89|0x00000000c5900000, 0x00000000c5900000, 0x00000000c5a00000|  0%| F|  |TAMS 0x00000000c5900000, 0x00000000c5900000| Untracked 
|  90|0x00000000c5a00000, 0x00000000c5a00000, 0x00000000c5b00000|  0%| F|  |TAMS 0x00000000c5a00000, 0x00000000c5a00000| Untracked 
|  91|0x00000000c5b00000, 0x00000000c5b00000, 0x00000000c5c00000|  0%| F|  |TAMS 0x00000000c5b00000, 0x00000000c5b00000| Untracked 
|  92|0x00000000c5c00000, 0x00000000c5c00000, 0x00000000c5d00000|  0%| F|  |TAMS 0x00000000c5c00000, 0x00000000c5c00000| Untracked 
|  93|0x00000000c5d00000, 0x00000000c5d00000, 0x00000000c5e00000|  0%| F|  |TAMS 0x00000000c5d00000, 0x00000000c5d00000| Untracked 
|  94|0x00000000c5e00000, 0x00000000c5e00000, 0x00000000c5f00000|  0%| F|  |TAMS 0x00000000c5e00000, 0x00000000c5e00000| Untracked 
|  95|0x00000000c5f00000, 0x00000000c5f00000, 0x00000000c6000000|  0%| F|  |TAMS 0x00000000c5f00000, 0x00000000c5f00000| Untracked 
|  96|0x00000000c6000000, 0x00000000c6000000, 0x00000000c6100000|  0%| F|  |TAMS 0x00000000c6000000, 0x00000000c6000000| Untracked 
|  97|0x00000000c6100000, 0x00000000c6100000, 0x00000000c6200000|  0%| F|  |TAMS 0x00000000c6100000, 0x00000000c6100000| Untracked 
|  98|0x00000000c6200000, 0x00000000c6200000, 0x00000000c6300000|  0%| F|  |TAMS 0x00000000c6200000, 0x00000000c6200000| Untracked 
|  99|0x00000000c6300000, 0x00000000c6300000, 0x00000000c6400000|  0%| F|  |TAMS 0x00000000c6300000, 0x00000000c6300000| Untracked 
| 100|0x00000000c6400000, 0x00000000c6400000, 0x00000000c6500000|  0%| F|  |TAMS 0x00000000c6400000, 0x00000000c6400000| Untracked 
| 101|0x00000000c6500000, 0x00000000c6500000, 0x00000000c6600000|  0%| F|  |TAMS 0x00000000c6500000, 0x00000000c6500000| Untracked 
| 102|0x00000000c6600000, 0x00000000c6600000, 0x00000000c6700000|  0%| F|  |TAMS 0x00000000c6600000, 0x00000000c6600000| Untracked 
| 103|0x00000000c6700000, 0x00000000c6700000, 0x00000000c6800000|  0%| F|  |TAMS 0x00000000c6700000, 0x00000000c6700000| Untracked 
| 104|0x00000000c6800000, 0x00000000c6800000, 0x00000000c6900000|  0%| F|  |TAMS 0x00000000c6800000, 0x00000000c6800000| Untracked 
| 105|0x00000000c6900000, 0x00000000c6900000, 0x00000000c6a00000|  0%| F|  |TAMS 0x00000000c6900000, 0x00000000c6900000| Untracked 
| 106|0x00000000c6a00000, 0x00000000c6a00000, 0x00000000c6b00000|  0%| F|  |TAMS 0x00000000c6a00000, 0x00000000c6a00000| Untracked 
| 107|0x00000000c6b00000, 0x00000000c6b00000, 0x00000000c6c00000|  0%| F|  |TAMS 0x00000000c6b00000, 0x00000000c6b00000| Untracked 
| 108|0x00000000c6c00000, 0x00000000c6c00000, 0x00000000c6d00000|  0%| F|  |TAMS 0x00000000c6c00000, 0x00000000c6c00000| Untracked 
| 109|0x00000000c6d00000, 0x00000000c6d00000, 0x00000000c6e00000|  0%| F|  |TAMS 0x00000000c6d00000, 0x00000000c6d00000| Untracked 
| 110|0x00000000c6e00000, 0x00000000c6e00000, 0x00000000c6f00000|  0%| F|  |TAMS 0x00000000c6e00000, 0x00000000c6e00000| Untracked 
| 111|0x00000000c6f00000, 0x00000000c6f00000, 0x00000000c7000000|  0%| F|  |TAMS 0x00000000c6f00000, 0x00000000c6f00000| Untracked 
| 112|0x00000000c7000000, 0x00000000c7000000, 0x00000000c7100000|  0%| F|  |TAMS 0x00000000c7000000, 0x00000000c7000000| Untracked 
| 113|0x00000000c7100000, 0x00000000c7100000, 0x00000000c7200000|  0%| F|  |TAMS 0x00000000c7100000, 0x00000000c7100000| Untracked 
| 114|0x00000000c7200000, 0x00000000c7200000, 0x00000000c7300000|  0%| F|  |TAMS 0x00000000c7200000, 0x00000000c7200000| Untracked 
| 115|0x00000000c7300000, 0x00000000c7300000, 0x00000000c7400000|  0%| F|  |TAMS 0x00000000c7300000, 0x00000000c7300000| Untracked 
| 116|0x00000000c7400000, 0x00000000c7400000, 0x00000000c7500000|  0%| F|  |TAMS 0x00000000c7400000, 0x00000000c7400000| Untracked 
| 117|0x00000000c7500000, 0x00000000c7500000, 0x00000000c7600000|  0%| F|  |TAMS 0x00000000c7500000, 0x00000000c7500000| Untracked 
| 118|0x00000000c7600000, 0x00000000c7600000, 0x00000000c7700000|  0%| F|  |TAMS 0x00000000c7600000, 0x00000000c7600000| Untracked 
| 119|0x00000000c7700000, 0x00000000c7700000, 0x00000000c7800000|  0%| F|  |TAMS 0x00000000c7700000, 0x00000000c7700000| Untracked 
| 120|0x00000000c7800000, 0x00000000c7800000, 0x00000000c7900000|  0%| F|  |TAMS 0x00000000c7800000, 0x00000000c7800000| Untracked 
| 121|0x00000000c7900000, 0x00000000c7900000, 0x00000000c7a00000|  0%| F|  |TAMS 0x00000000c7900000, 0x00000000c7900000| Untracked 
| 122|0x00000000c7a00000, 0x00000000c7a00000, 0x00000000c7b00000|  0%| F|  |TAMS 0x00000000c7a00000, 0x00000000c7a00000| Untracked 
| 123|0x00000000c7b00000, 0x00000000c7b00000, 0x00000000c7c00000|  0%| F|  |TAMS 0x00000000c7b00000, 0x00000000c7b00000| Untracked 
| 124|0x00000000c7c00000, 0x00000000c7c00000, 0x00000000c7d00000|  0%| F|  |TAMS 0x00000000c7c00000, 0x00000000c7c00000| Untracked 
| 125|0x00000000c7d00000, 0x00000000c7d00000, 0x00000000c7e00000|  0%| F|  |TAMS 0x00000000c7d00000, 0x00000000c7d00000| Untracked 
| 126|0x00000000c7e00000, 0x00000000c7e00000, 0x00000000c7f00000|  0%| F|  |TAMS 0x00000000c7e00000, 0x00000000c7e00000| Untracked 
| 127|0x00000000c7f00000, 0x00000000c7f00000, 0x00000000c8000000|  0%| F|  |TAMS 0x00000000c7f00000, 0x00000000c7f00000| Untracked 
| 128|0x00000000c8000000, 0x00000000c8000000, 0x00000000c8100000|  0%| F|  |TAMS 0x00000000c8000000, 0x00000000c8000000| Untracked 
| 129|0x00000000c8100000, 0x00000000c8100000, 0x00000000c8200000|  0%| F|  |TAMS 0x00000000c8100000, 0x00000000c8100000| Untracked 
| 130|0x00000000c8200000, 0x00000000c8200000, 0x00000000c8300000|  0%| F|  |TAMS 0x00000000c8200000, 0x00000000c8200000| Untracked 
| 131|0x00000000c8300000, 0x00000000c8300000, 0x00000000c8400000|  0%| F|  |TAMS 0x00000000c8300000, 0x00000000c8300000| Untracked 
| 132|0x00000000c8400000, 0x00000000c8400000, 0x00000000c8500000|  0%| F|  |TAMS 0x00000000c8400000, 0x00000000c8400000| Untracked 
| 133|0x00000000c8500000, 0x00000000c8500000, 0x00000000c8600000|  0%| F|  |TAMS 0x00000000c8500000, 0x00000000c8500000| Untracked 
| 134|0x00000000c8600000, 0x00000000c8600000, 0x00000000c8700000|  0%| F|  |TAMS 0x00000000c8600000, 0x00000000c8600000| Untracked 
| 135|0x00000000c8700000, 0x00000000c8700000, 0x00000000c8800000|  0%| F|  |TAMS 0x00000000c8700000, 0x00000000c8700000| Untracked 
| 136|0x00000000c8800000, 0x00000000c8800000, 0x00000000c8900000|  0%| F|  |TAMS 0x00000000c8800000, 0x00000000c8800000| Untracked 
| 137|0x00000000c8900000, 0x00000000c8900000, 0x00000000c8a00000|  0%| F|  |TAMS 0x00000000c8900000, 0x00000000c8900000| Untracked 
| 138|0x00000000c8a00000, 0x00000000c8a00000, 0x00000000c8b00000|  0%| F|  |TAMS 0x00000000c8a00000, 0x00000000c8a00000| Untracked 
| 139|0x00000000c8b00000, 0x00000000c8b00000, 0x00000000c8c00000|  0%| F|  |TAMS 0x00000000c8b00000, 0x00000000c8b00000| Untracked 
| 140|0x00000000c8c00000, 0x00000000c8c00000, 0x00000000c8d00000|  0%| F|  |TAMS 0x00000000c8c00000, 0x00000000c8c00000| Untracked 
| 141|0x00000000c8d00000, 0x00000000c8d00000, 0x00000000c8e00000|  0%| F|  |TAMS 0x00000000c8d00000, 0x00000000c8d00000| Untracked 
| 142|0x00000000c8e00000, 0x00000000c8e00000, 0x00000000c8f00000|  0%| F|  |TAMS 0x00000000c8e00000, 0x00000000c8e00000| Untracked 
| 143|0x00000000c8f00000, 0x00000000c8f00000, 0x00000000c9000000|  0%| F|  |TAMS 0x00000000c8f00000, 0x00000000c8f00000| Untracked 
| 144|0x00000000c9000000, 0x00000000c9000000, 0x00000000c9100000|  0%| F|  |TAMS 0x00000000c9000000, 0x00000000c9000000| Untracked 
| 145|0x00000000c9100000, 0x00000000c9100000, 0x00000000c9200000|  0%| F|  |TAMS 0x00000000c9100000, 0x00000000c9100000| Untracked 
| 146|0x00000000c9200000, 0x00000000c9200000, 0x00000000c9300000|  0%| F|  |TAMS 0x00000000c9200000, 0x00000000c9200000| Untracked 
| 147|0x00000000c9300000, 0x00000000c9300000, 0x00000000c9400000|  0%| F|  |TAMS 0x00000000c9300000, 0x00000000c9300000| Untracked 
| 148|0x00000000c9400000, 0x00000000c9400000, 0x00000000c9500000|  0%| F|  |TAMS 0x00000000c9400000, 0x00000000c9400000| Untracked 
| 149|0x00000000c9500000, 0x00000000c951d048, 0x00000000c9600000| 11%| E|  |TAMS 0x00000000c9500000, 0x00000000c9500000| Complete 

Card table byte_map: [0x0000018426d40000,0x0000018426f40000] _byte_map_base: 0x0000018426740000

Marking Bits (Prev, Next): (CMBitMap*) 0x0000018420bc4470, (CMBitMap*) 0x0000018420bc44b0
 Prev Bits: [0x0000018427140000, 0x0000018428140000)
 Next Bits: [0x0000018428140000, 0x0000018429140000)

Polling page: 0x000001841e8e0000

Metaspace:

Usage:
  Non-class:     54.06 MB used.
      Class:      8.85 MB used.
       Both:     62.91 MB used.

Virtual space:
  Non-class space:       56.00 MB reserved,      54.44 MB ( 97%) committed,  7 nodes.
      Class space:        1.00 GB reserved,       9.12 MB ( <1%) committed,  1 nodes.
             Both:        1.05 GB reserved,      63.56 MB (  6%) committed. 

Chunk freelists:
   Non-Class:  864.00 KB
       Class:  2.90 MB
        Both:  3.75 MB

MaxMetaspaceSize: unlimited
CompressedClassSpaceSize: 1.00 GB
Initial GC threshold: 21.00 MB
Current GC threshold: 105.88 MB
CDS: off
MetaspaceReclaimPolicy: balanced
 - commit_granule_bytes: 65536.
 - commit_granule_words: 8192.
 - virtual_space_node_default_size: 1048576.
 - enlarge_chunks_in_place: 1.
 - new_chunks_are_fully_committed: 0.
 - uncommit_free_chunks: 1.
 - use_allocation_guard: 0.
 - handle_deallocations: 1.


Internal statistics:

num_allocs_failed_limit: 6.
num_arena_births: 754.
num_arena_deaths: 242.
num_vsnodes_births: 8.
num_vsnodes_deaths: 0.
num_space_committed: 1017.
num_space_uncommitted: 0.
num_chunks_returned_to_freelist: 305.
num_chunks_taken_from_freelist: 2864.
num_chunk_merges: 98.
num_chunk_splits: 1964.
num_chunks_enlarged: 1456.
num_purges: 12.
num_inconsistent_stats: 0.

CodeCache: size=49152Kb used=18350Kb max_used=19529Kb free=30801Kb
 bounds [0x0000018423810000, 0x0000018424b30000, 0x0000018426810000]
 total_blobs=11033 nmethods=10391 adapters=568
 compilation: enabled
              stopped_count=0, restarted_count=0
 full_count=0

Compilation events (20 events):
Event: 22421.916 Thread 0x000001842bdf3020 10541       1       java.lang.ProcessBuilder::environment (147 bytes)
Event: 22421.938 Thread 0x000001842bdf3020 nmethod 10541 0x00000184244bcf90 code [0x00000184244bd1e0, 0x00000184244bd728]
Event: 22421.939 Thread 0x000001842bdf3020 10542   !   1       java.lang.ProcessImpl::start (733 bytes)
Event: 22421.952 Thread 0x000001842bdf3020 nmethod 10542 0x00000184244b7790 code [0x00000184244b7d60, 0x00000184244bacb8]
Event: 22421.952 Thread 0x000001842bdf3020 10547       1       java.lang.invoke.LambdaForm$DMH/0x000000010092b000::newInvokeSpecial (23 bytes)
Event: 22421.961 Thread 0x000001842bdf3020 nmethod 10547 0x00000184244b7310 code [0x00000184244b74c0, 0x00000184244b7648]
Event: 22421.961 Thread 0x000001842bdf3020 10543       1       java.lang.ProcessEnvironment::toEnvironmentBlock (16 bytes)
Event: 22421.962 Thread 0x000001842bdf3020 nmethod 10543 0x00000184244b6f90 code [0x00000184244b7120, 0x00000184244b7248]
Event: 22421.962 Thread 0x000001842bdf3020 10544   !   1       java.lang.ProcessImpl::<init> (327 bytes)
Event: 22421.979 Thread 0x000001842bdf3020 nmethod 10544 0x00000184244b4810 code [0x00000184244b4c60, 0x00000184244b6018]
Event: 22422.071 Thread 0x000001842bdf3020 10549   !   1       java.io.FilterOutputStream::close (183 bytes)
Event: 22422.118 Thread 0x000001842bdf3020 nmethod 10549 0x00000184244b3690 code [0x00000184244b38a0, 0x00000184244b3d78]
Event: 22422.118 Thread 0x000001842bdf3020 10551       1       java.lang.ProcessImpl$$Lambda$1195/0x00000001007e7f00::run (8 bytes)
Event: 22422.118 Thread 0x000001842bdf3020 nmethod 10551 0x00000184244b3390 code [0x00000184244b3520, 0x00000184244b3608]
Event: 22422.118 Thread 0x000001842bdf3020 10552       1       java.lang.ProcessImpl::lambda$new$0 (6 bytes)
Event: 22422.118 Thread 0x000001842bdf3020 nmethod 10552 0x00000184244b3090 code [0x00000184244b3220, 0x00000184244b32e8]
Event: 23724.095 Thread 0x000001842bdf3020 10555       1       java.lang.ProcessImpl$2::run (242 bytes)
Event: 23724.103 Thread 0x000001842bdf3020 nmethod 10555 0x00000184244b1210 code [0x00000184244b14c0, 0x00000184244b2258]
Event: 23724.103 Thread 0x000001842bdf3020 10556       1       java.lang.ProcessImpl::waitFor (136 bytes)
Event: 23724.107 Thread 0x000001842bdf3020 nmethod 10556 0x00000184244b0990 code [0x00000184244b0ba0, 0x00000184244b0fb8]

GC Heap History (20 events):
Event: 33667.498 GC heap before
{Heap before GC invocations=1425 (full 1361):
 garbage-first heap   total 153600K, used 44772K [0x00000000c0000000, 0x0000000100000000)
  region size 1024K, 1 young (1024K), 0 survivors (0K)
 Metaspace       used 64424K, committed 65088K, reserved 1105920K
  class space    used 9062K, committed 9344K, reserved 1048576K
}
Event: 33667.541 GC heap after
{Heap after GC invocations=1426 (full 1362):
 garbage-first heap   total 153600K, used 44772K [0x00000000c0000000, 0x0000000100000000)
  region size 1024K, 0 young (0K), 0 survivors (0K)
 Metaspace       used 64424K, committed 65088K, reserved 1105920K
  class space    used 9062K, committed 9344K, reserved 1048576K
}
Event: 33677.677 GC heap before
{Heap before GC invocations=1426 (full 1362):
 garbage-first heap   total 153600K, used 44772K [0x00000000c0000000, 0x0000000100000000)
  region size 1024K, 1 young (1024K), 0 survivors (0K)
 Metaspace       used 64424K, committed 65088K, reserved 1105920K
  class space    used 9062K, committed 9344K, reserved 1048576K
}
Event: 33677.707 GC heap after
{Heap after GC invocations=1427 (full 1363):
 garbage-first heap   total 153600K, used 44772K [0x00000000c0000000, 0x0000000100000000)
  region size 1024K, 0 young (0K), 0 survivors (0K)
 Metaspace       used 64424K, committed 65088K, reserved 1105920K
  class space    used 9062K, committed 9344K, reserved 1048576K
}
Event: 33688.012 GC heap before
{Heap before GC invocations=1427 (full 1363):
 garbage-first heap   total 153600K, used 44772K [0x00000000c0000000, 0x0000000100000000)
  region size 1024K, 1 young (1024K), 0 survivors (0K)
 Metaspace       used 64424K, committed 65088K, reserved 1105920K
  class space    used 9062K, committed 9344K, reserved 1048576K
}
Event: 33688.042 GC heap after
{Heap after GC invocations=1428 (full 1364):
 garbage-first heap   total 153600K, used 44772K [0x00000000c0000000, 0x0000000100000000)
  region size 1024K, 0 young (0K), 0 survivors (0K)
 Metaspace       used 64424K, committed 65088K, reserved 1105920K
  class space    used 9062K, committed 9344K, reserved 1048576K
}
Event: 33698.211 GC heap before
{Heap before GC invocations=1428 (full 1364):
 garbage-first heap   total 153600K, used 44772K [0x00000000c0000000, 0x0000000100000000)
  region size 1024K, 1 young (1024K), 0 survivors (0K)
 Metaspace       used 64424K, committed 65088K, reserved 1105920K
  class space    used 9062K, committed 9344K, reserved 1048576K
}
Event: 33698.242 GC heap after
{Heap after GC invocations=1429 (full 1365):
 garbage-first heap   total 153600K, used 44772K [0x00000000c0000000, 0x0000000100000000)
  region size 1024K, 0 young (0K), 0 survivors (0K)
 Metaspace       used 64424K, committed 65088K, reserved 1105920K
  class space    used 9062K, committed 9344K, reserved 1048576K
}
Event: 33708.422 GC heap before
{Heap before GC invocations=1429 (full 1365):
 garbage-first heap   total 153600K, used 44772K [0x00000000c0000000, 0x0000000100000000)
  region size 1024K, 1 young (1024K), 0 survivors (0K)
 Metaspace       used 64424K, committed 65088K, reserved 1105920K
  class space    used 9062K, committed 9344K, reserved 1048576K
}
Event: 33708.455 GC heap after
{Heap after GC invocations=1430 (full 1366):
 garbage-first heap   total 153600K, used 44772K [0x00000000c0000000, 0x0000000100000000)
  region size 1024K, 0 young (0K), 0 survivors (0K)
 Metaspace       used 64424K, committed 65088K, reserved 1105920K
  class space    used 9062K, committed 9344K, reserved 1048576K
}
Event: 33718.818 GC heap before
{Heap before GC invocations=1430 (full 1366):
 garbage-first heap   total 153600K, used 44772K [0x00000000c0000000, 0x0000000100000000)
  region size 1024K, 1 young (1024K), 0 survivors (0K)
 Metaspace       used 64424K, committed 65088K, reserved 1105920K
  class space    used 9062K, committed 9344K, reserved 1048576K
}
Event: 33718.872 GC heap after
{Heap after GC invocations=1431 (full 1367):
 garbage-first heap   total 153600K, used 44772K [0x00000000c0000000, 0x0000000100000000)
  region size 1024K, 0 young (0K), 0 survivors (0K)
 Metaspace       used 64424K, committed 65088K, reserved 1105920K
  class space    used 9062K, committed 9344K, reserved 1048576K
}
Event: 33729.045 GC heap before
{Heap before GC invocations=1431 (full 1367):
 garbage-first heap   total 153600K, used 44772K [0x00000000c0000000, 0x0000000100000000)
  region size 1024K, 1 young (1024K), 0 survivors (0K)
 Metaspace       used 64424K, committed 65088K, reserved 1105920K
  class space    used 9062K, committed 9344K, reserved 1048576K
}
Event: 33729.122 GC heap after
{Heap after GC invocations=1432 (full 1368):
 garbage-first heap   total 153600K, used 44772K [0x00000000c0000000, 0x0000000100000000)
  region size 1024K, 0 young (0K), 0 survivors (0K)
 Metaspace       used 64424K, committed 65088K, reserved 1105920K
  class space    used 9062K, committed 9344K, reserved 1048576K
}
Event: 33739.315 GC heap before
{Heap before GC invocations=1432 (full 1368):
 garbage-first heap   total 153600K, used 44772K [0x00000000c0000000, 0x0000000100000000)
  region size 1024K, 1 young (1024K), 0 survivors (0K)
 Metaspace       used 64424K, committed 65088K, reserved 1105920K
  class space    used 9062K, committed 9344K, reserved 1048576K
}
Event: 33739.374 GC heap after
{Heap after GC invocations=1433 (full 1369):
 garbage-first heap   total 153600K, used 44772K [0x00000000c0000000, 0x0000000100000000)
  region size 1024K, 0 young (0K), 0 survivors (0K)
 Metaspace       used 64424K, committed 65088K, reserved 1105920K
  class space    used 9062K, committed 9344K, reserved 1048576K
}
Event: 33749.510 GC heap before
{Heap before GC invocations=1433 (full 1369):
 garbage-first heap   total 153600K, used 44772K [0x00000000c0000000, 0x0000000100000000)
  region size 1024K, 1 young (1024K), 0 survivors (0K)
 Metaspace       used 64424K, committed 65088K, reserved 1105920K
  class space    used 9062K, committed 9344K, reserved 1048576K
}
Event: 33749.538 GC heap after
{Heap after GC invocations=1434 (full 1370):
 garbage-first heap   total 153600K, used 44772K [0x00000000c0000000, 0x0000000100000000)
  region size 1024K, 0 young (0K), 0 survivors (0K)
 Metaspace       used 64424K, committed 65088K, reserved 1105920K
  class space    used 9062K, committed 9344K, reserved 1048576K
}
Event: 33759.747 GC heap before
{Heap before GC invocations=1434 (full 1370):
 garbage-first heap   total 153600K, used 44772K [0x00000000c0000000, 0x0000000100000000)
  region size 1024K, 1 young (1024K), 0 survivors (0K)
 Metaspace       used 64424K, committed 65088K, reserved 1105920K
  class space    used 9062K, committed 9344K, reserved 1048576K
}
Event: 33759.778 GC heap after
{Heap after GC invocations=1435 (full 1371):
 garbage-first heap   total 153600K, used 44772K [0x00000000c0000000, 0x0000000100000000)
  region size 1024K, 0 young (0K), 0 survivors (0K)
 Metaspace       used 64424K, committed 65088K, reserved 1105920K
  class space    used 9062K, committed 9344K, reserved 1048576K
}

Dll operation events (10 events):
Event: 0.010 Loaded shared library c:\Users\LENOVO\.vscode\extensions\redhat.java-1.15.0-win32-x64\jre\17.0.6-win32-x86_64\bin\java.dll
Event: 0.313 Loaded shared library C:\Users\LENOVO\.vscode\extensions\redhat.java-1.15.0-win32-x64\jre\17.0.6-win32-x86_64\bin\net.dll
Event: 0.315 Loaded shared library C:\Users\LENOVO\.vscode\extensions\redhat.java-1.15.0-win32-x64\jre\17.0.6-win32-x86_64\bin\nio.dll
Event: 0.839 Loaded shared library C:\Users\LENOVO\.vscode\extensions\redhat.java-1.15.0-win32-x64\jre\17.0.6-win32-x86_64\bin\zip.dll
Event: 7.612 Loaded shared library C:\Users\LENOVO\.vscode\extensions\redhat.java-1.15.0-win32-x64\jre\17.0.6-win32-x86_64\bin\jimage.dll
Event: 12.718 Loaded shared library C:\Users\LENOVO\.vscode\extensions\redhat.java-1.15.0-win32-x64\jre\17.0.6-win32-x86_64\bin\management.dll
Event: 12.756 Loaded shared library C:\Users\LENOVO\.vscode\extensions\redhat.java-1.15.0-win32-x64\jre\17.0.6-win32-x86_64\bin\management_ext.dll
Event: 17.226 Loaded shared library C:\Users\LENOVO\.vscode\extensions\redhat.java-1.15.0-win32-x64\jre\17.0.6-win32-x86_64\bin\sunmscapi.dll
Event: 29.455 Loaded shared library c:\Users\LENOVO\.vscode\extensions\redhat.java-1.15.0-win32-x64\jre\17.0.6-win32-x86_64\bin\verify.dll
Event: 37.380 Loaded shared library C:\Users\LENOVO\AppData\Local\Temp\snappy-1.1.8-4cd0dd3d-1f5f-4ab6-bbef-34208a1313e6-snappyjava.dll

Deoptimization events (20 events):
Event: 30.604 Thread 0x000001842ea30a10 DEOPT PACKING pc=0x00000184245aaea4 sp=0x00000042927fe040
Event: 30.604 Thread 0x000001842ea30a10 DEOPT UNPACKING pc=0x0000018423867143 sp=0x00000042927fd5c0 mode 0
Event: 30.605 Thread 0x000001842ea30a10 DEOPT PACKING pc=0x000001842469b52c sp=0x00000042927fe360
Event: 30.605 Thread 0x000001842ea30a10 DEOPT UNPACKING pc=0x0000018423867143 sp=0x00000042927fd7f0 mode 0
Event: 36.822 Thread 0x000001842eb68710 DEOPT PACKING pc=0x000001842486ac0c sp=0x0000004292afdc50
Event: 36.822 Thread 0x000001842eb68710 DEOPT UNPACKING pc=0x0000018423867143 sp=0x0000004292afd198 mode 0
Event: 36.839 Thread 0x000001842eb68710 DEOPT PACKING pc=0x00000184248a1f2c sp=0x0000004292afcdb0
Event: 36.839 Thread 0x000001842eb68710 DEOPT UNPACKING pc=0x0000018423867143 sp=0x0000004292afc338 mode 0
Event: 36.839 Thread 0x000001842eb68710 DEOPT PACKING pc=0x00000184248d0b44 sp=0x0000004292afcf50
Event: 36.839 Thread 0x000001842eb68710 DEOPT UNPACKING pc=0x0000018423867143 sp=0x0000004292afc480 mode 0
Event: 36.845 Thread 0x000001842eb68710 DEOPT PACKING pc=0x000001842486ac6c sp=0x0000004292afdf80
Event: 36.845 Thread 0x000001842eb68710 DEOPT UNPACKING pc=0x0000018423867143 sp=0x0000004292afd4d0 mode 0
Event: 36.845 Thread 0x000001842eb68710 DEOPT PACKING pc=0x000001842486ac6c sp=0x0000004292afe210
Event: 36.845 Thread 0x000001842eb68710 DEOPT UNPACKING pc=0x0000018423867143 sp=0x0000004292afd760 mode 0
Event: 36.854 Thread 0x000001842eb68710 DEOPT PACKING pc=0x000001842486ac6c sp=0x0000004292afe540
Event: 36.854 Thread 0x000001842eb68710 DEOPT UNPACKING pc=0x0000018423867143 sp=0x0000004292afda90 mode 0
Event: 36.854 Thread 0x000001842eb68710 DEOPT PACKING pc=0x000001842486ac6c sp=0x0000004292afe820
Event: 36.854 Thread 0x000001842eb68710 DEOPT UNPACKING pc=0x0000018423867143 sp=0x0000004292afdd70 mode 0
Event: 152.356 Thread 0x000001842e9c5c20 DEOPT PACKING pc=0x0000018423d8a854 sp=0x00000042924fef60
Event: 152.357 Thread 0x000001842e9c5c20 DEOPT UNPACKING pc=0x0000018423867143 sp=0x00000042924fe3e8 mode 0

Classes unloaded (20 events):
Event: 195.420 Thread 0x000001842bdaa410 Unloading class 0x0000000100090800 'java/lang/invoke/LambdaForm$MH+0x0000000100090800'
Event: 195.420 Thread 0x000001842bdaa410 Unloading class 0x0000000100090400 'java/lang/invoke/LambdaForm$MH+0x0000000100090400'
Event: 195.420 Thread 0x000001842bdaa410 Unloading class 0x0000000100090000 'java/lang/invoke/LambdaForm$MH+0x0000000100090000'
Event: 195.420 Thread 0x000001842bdaa410 Unloading class 0x000000010008b800 'java/lang/invoke/LambdaForm$MH+0x000000010008b800'
Event: 195.420 Thread 0x000001842bdaa410 Unloading class 0x000000010008b400 'java/lang/invoke/LambdaForm$MH+0x000000010008b400'
Event: 195.420 Thread 0x000001842bdaa410 Unloading class 0x000000010008b000 'java/lang/invoke/LambdaForm$MH+0x000000010008b000'
Event: 195.420 Thread 0x000001842bdaa410 Unloading class 0x000000010008ac00 'java/lang/invoke/LambdaForm$MH+0x000000010008ac00'
Event: 195.420 Thread 0x000001842bdaa410 Unloading class 0x000000010008a800 'java/lang/invoke/LambdaForm$MH+0x000000010008a800'
Event: 195.420 Thread 0x000001842bdaa410 Unloading class 0x000000010008a400 'java/lang/invoke/LambdaForm$MH+0x000000010008a400'
Event: 195.420 Thread 0x000001842bdaa410 Unloading class 0x0000000100089c00 'java/lang/invoke/LambdaForm$MH+0x0000000100089c00'
Event: 195.420 Thread 0x000001842bdaa410 Unloading class 0x0000000100089400 'java/lang/invoke/LambdaForm$MH+0x0000000100089400'
Event: 195.420 Thread 0x000001842bdaa410 Unloading class 0x0000000100088c00 'java/lang/invoke/LambdaForm$MH+0x0000000100088c00'
Event: 195.420 Thread 0x000001842bdaa410 Unloading class 0x0000000100088400 'java/lang/invoke/LambdaForm$MH+0x0000000100088400'
Event: 498.545 Thread 0x000001842bdaa410 Unloading class 0x0000000100590800 'java/lang/invoke/LambdaForm$MH+0x0000000100590800'
Event: 498.546 Thread 0x000001842bdaa410 Unloading class 0x0000000100600400 'java/lang/invoke/LambdaForm$MH+0x0000000100600400'
Event: 498.546 Thread 0x000001842bdaa410 Unloading class 0x0000000100088400 'java/lang/invoke/LambdaForm$MH+0x0000000100088400'
Event: 498.546 Thread 0x000001842bdaa410 Unloading class 0x0000000100088c00 'java/lang/invoke/LambdaForm$MH+0x0000000100088c00'
Event: 498.546 Thread 0x000001842bdaa410 Unloading class 0x0000000100089c00 'java/lang/invoke/LambdaForm$MH+0x0000000100089c00'
Event: 498.546 Thread 0x000001842bdaa410 Unloading class 0x000000010008a400 'java/lang/invoke/LambdaForm$MH+0x000000010008a400'
Event: 498.546 Thread 0x000001842bdaa410 Unloading class 0x000000010008b800 'java/lang/invoke/LambdaForm$MH+0x000000010008b800'

Classes redefined (0 events):
No events

Internal exceptions (20 events):
Event: 39.825 Thread 0x000001842eb68710 Exception <a 'sun/nio/fs/WindowsException'{0x00000000e968fc50}> (0x00000000e968fc50) 
thrown [s\src\hotspot\share\prims\jni.cpp, line 516]
Event: 39.826 Thread 0x000001842eb68710 Exception <a 'sun/nio/fs/WindowsException'{0x00000000e96c0530}> (0x00000000e96c0530) 
thrown [s\src\hotspot\share\prims\jni.cpp, line 516]
Event: 39.826 Thread 0x000001842eb68710 Exception <a 'sun/nio/fs/WindowsException'{0x00000000e96c08e8}> (0x00000000e96c08e8) 
thrown [s\src\hotspot\share\prims\jni.cpp, line 516]
Event: 39.827 Thread 0x000001842eb68710 Exception <a 'sun/nio/fs/WindowsException'{0x00000000e96c1888}> (0x00000000e96c1888) 
thrown [s\src\hotspot\share\prims\jni.cpp, line 516]
Event: 39.827 Thread 0x000001842eb68710 Exception <a 'sun/nio/fs/WindowsException'{0x00000000e96c1c60}> (0x00000000e96c1c60) 
thrown [s\src\hotspot\share\prims\jni.cpp, line 516]
Event: 39.827 Thread 0x000001842eb68710 Exception <a 'sun/nio/fs/WindowsException'{0x00000000e96e2ff8}> (0x00000000e96e2ff8) 
thrown [s\src\hotspot\share\prims\jni.cpp, line 516]
Event: 39.827 Thread 0x000001842eb68710 Exception <a 'sun/nio/fs/WindowsException'{0x00000000e96e33a8}> (0x00000000e96e33a8) 
thrown [s\src\hotspot\share\prims\jni.cpp, line 516]
Event: 39.827 Thread 0x000001842eb68710 Exception <a 'sun/nio/fs/WindowsException'{0x00000000e96e4338}> (0x00000000e96e4338) 
thrown [s\src\hotspot\share\prims\jni.cpp, line 516]
Event: 39.828 Thread 0x000001842eb68710 Exception <a 'sun/nio/fs/WindowsException'{0x00000000e96e4708}> (0x00000000e96e4708) 
thrown [s\src\hotspot\share\prims\jni.cpp, line 516]
Event: 39.830 Thread 0x000001842eb68710 Exception <a 'sun/nio/fs/WindowsException'{0x00000000e951b5d8}> (0x00000000e951b5d8) 
thrown [s\src\hotspot\share\prims\jni.cpp, line 516]
Event: 39.830 Thread 0x000001842eb68710 Exception <a 'sun/nio/fs/WindowsException'{0x00000000e951b9b0}> (0x00000000e951b9b0) 
thrown [s\src\hotspot\share\prims\jni.cpp, line 516]
Event: 39.830 Thread 0x000001842eb68710 Exception <a 'sun/nio/fs/WindowsException'{0x00000000e951cec0}> (0x00000000e951cec0) 
thrown [s\src\hotspot\share\prims\jni.cpp, line 516]
Event: 39.830 Thread 0x000001842eb68710 Exception <a 'sun/nio/fs/WindowsException'{0x00000000e951d2b0}> (0x00000000e951d2b0) 
thrown [s\src\hotspot\share\prims\jni.cpp, line 516]
Event: 39.831 Thread 0x000001842eb68710 Exception <a 'sun/nio/fs/WindowsException'{0x00000000e9545818}> (0x00000000e9545818) 
thrown [s\src\hotspot\share\prims\jni.cpp, line 516]
Event: 39.831 Thread 0x000001842eb68710 Exception <a 'sun/nio/fs/WindowsException'{0x00000000e9545bd8}> (0x00000000e9545bd8) 
thrown [s\src\hotspot\share\prims\jni.cpp, line 516]
Event: 39.832 Thread 0x000001842eb68710 Exception <a 'sun/nio/fs/WindowsException'{0x00000000e95470e0}> (0x00000000e95470e0) 
thrown [s\src\hotspot\share\prims\jni.cpp, line 516]
Event: 39.832 Thread 0x000001842eb68710 Exception <a 'sun/nio/fs/WindowsException'{0x00000000e95474c8}> (0x00000000e95474c8) 
thrown [s\src\hotspot\share\prims\jni.cpp, line 516]
Event: 92.761 Thread 0x000001842e984bf0 Exception <a 'java/lang/NoSuchMethodError'{0x00000000e93d01d0}: 'void java.lang.invoke.DirectMethodHandle$Holder.invokeStatic(java.lang.Object, long)'> (0x00000000e93d01d0) 
thrown [s\src\hotspot\share\interpreter\linkResolver.cpp, line 759]
Event: 92.763 Thread 0x000001842e984bf0 Exception <a 'java/lang/NoSuchMethodError'{0x00000000e93d5580}: 'java.lang.Object java.lang.invoke.DirectMethodHandle$Holder.newInvokeSpecial(java.lang.Object, long)'> (0x00000000e93d5580) 
thrown [s\src\hotspot\share\interpreter\linkResolver.cpp, line 759]
Event: 282.318 Thread 0x000001842eb63540 Exception <a 'java/lang/NoSuchMethodError'{0x00000000c957d1e0}: 'java.lang.Object java.lang.invoke.DirectMethodHandle$Holder.invokeStatic(java.lang.Object, java.lang.Object, java.lang.Object, java.lang.Object, int)'> (0x00000000c957d1e0) 
thrown [s\src\hotspot\share\interpreter\linkResolver.cpp, line 759]

VM Operations (20 events):
Event: 33667.541 Executing VM operation: G1CollectFull done
Event: 33677.677 Executing VM operation: G1CollectFull
Event: 33677.707 Executing VM operation: G1CollectFull done
Event: 33688.011 Executing VM operation: G1CollectFull
Event: 33688.042 Executing VM operation: G1CollectFull done
Event: 33698.211 Executing VM operation: G1CollectFull
Event: 33698.242 Executing VM operation: G1CollectFull done
Event: 33708.422 Executing VM operation: G1CollectFull
Event: 33708.456 Executing VM operation: G1CollectFull done
Event: 33718.818 Executing VM operation: G1CollectFull
Event: 33718.872 Executing VM operation: G1CollectFull done
Event: 33729.044 Executing VM operation: G1CollectFull
Event: 33729.122 Executing VM operation: G1CollectFull done
Event: 33739.314 Executing VM operation: G1CollectFull
Event: 33739.374 Executing VM operation: G1CollectFull done
Event: 33749.510 Executing VM operation: G1CollectFull
Event: 33749.538 Executing VM operation: G1CollectFull done
Event: 33759.747 Executing VM operation: G1CollectFull
Event: 33759.778 Executing VM operation: G1CollectFull done
Event: 33769.858 Executing VM operation: G1CollectFull

Events (20 events):
Event: 295.669 Thread 0x00000184306701b0 Thread added: 0x00000184306701b0
Event: 296.697 Thread 0x00000184306701b0 Thread exited: 0x00000184306701b0
Event: 330.422 Thread 0x00000184358adfb0 Thread added: 0x00000184358adfb0
Event: 331.711 Thread 0x00000184358adfb0 Thread exited: 0x00000184358adfb0
Event: 353.516 Thread 0x000001842eb63070 Thread exited: 0x000001842eb63070
Event: 362.819 Thread 0x000001842eb68710 Thread added: 0x000001842eb68710
Event: 391.833 loading class java/util/logging/LogRecord
Event: 391.834 loading class java/util/logging/LogRecord done
Event: 480.014 Thread 0x000001842eb68710 Thread exited: 0x000001842eb68710
Event: 481.541 Thread 0x000001842eb62200 Thread exited: 0x000001842eb62200
Event: 524.596 Thread 0x000001842eb63540 Thread exited: 0x000001842eb63540
Event: 541.543 Thread 0x000001842eb61d30 Thread exited: 0x000001842eb61d30
Event: 597.899 Thread 0x000001842eb66a30 Thread added: 0x000001842eb66a30
Event: 598.783 Thread 0x000001842eb63070 Thread added: 0x000001842eb63070
Event: 3443.570 Thread 0x000001842d0a4fb0 Thread added: 0x000001842d0a4fb0
Event: 3443.571 Thread 0x000001842e9b4830 Thread added: 0x000001842e9b4830
Event: 3448.603 Thread 0x000001842e9b4830 Thread exited: 0x000001842e9b4830
Event: 3448.636 Thread 0x000001842d0a4fb0 Thread exited: 0x000001842d0a4fb0
Event: 3479.981 Thread 0x000001842eb63070 Thread exited: 0x000001842eb63070
Event: 3480.092 Thread 0x000001842eb66a30 Thread exited: 0x000001842eb66a30


Dynamic libraries:
0x00007ff6a4410000 - 0x00007ff6a441e000 	c:\Users\LENOVO\.vscode\extensions\redhat.java-1.15.0-win32-x64\jre\17.0.6-win32-x86_64\bin\java.exe
0x00007ffad07d0000 - 0x00007ffad09c8000 	C:\Windows\SYSTEM32\ntdll.dll
0x00007ffacfd90000 - 0x00007ffacfe4f000 	C:\Windows\System32\KERNEL32.DLL
0x00007fface310000 - 0x00007fface5e2000 	C:\Windows\System32\KERNELBASE.dll
0x00007fface020000 - 0x00007fface120000 	C:\Windows\System32\ucrtbase.dll
0x00007ffaa32f0000 - 0x00007ffaa3307000 	c:\Users\LENOVO\.vscode\extensions\redhat.java-1.15.0-win32-x64\jre\17.0.6-win32-x86_64\bin\jli.dll
0x00007ffaa32d0000 - 0x00007ffaa32e9000 	c:\Users\LENOVO\.vscode\extensions\redhat.java-1.15.0-win32-x64\jre\17.0.6-win32-x86_64\bin\VCRUNTIME140.dll
0x00007ffacfab0000 - 0x00007ffacfc51000 	C:\Windows\System32\USER32.dll
0x00007fface6f0000 - 0x00007fface712000 	C:\Windows\System32\win32u.dll
0x00007ffab97f0000 - 0x00007ffab9a8a000 	C:\Windows\WinSxS\amd64_microsoft.windows.common-controls_6595b64144ccf1df_6.0.19041.1110_none_60b5254171f9507e\COMCTL32.dll
0x00007ffad0660000 - 0x00007ffad068b000 	C:\Windows\System32\GDI32.dll
0x00007ffad06f0000 - 0x00007ffad078e000 	C:\Windows\System32\msvcrt.dll
0x00007fface150000 - 0x00007fface25f000 	C:\Windows\System32\gdi32full.dll
0x00007fface770000 - 0x00007fface80d000 	C:\Windows\System32\msvcp_win.dll
0x00007ffacff00000 - 0x00007ffacff32000 	C:\Windows\System32\IMM32.DLL
0x00007ffaa32c0000 - 0x00007ffaa32cc000 	c:\Users\LENOVO\.vscode\extensions\redhat.java-1.15.0-win32-x64\jre\17.0.6-win32-x86_64\bin\vcruntime140_1.dll
0x00007ffaa3220000 - 0x00007ffaa32b1000 	c:\Users\LENOVO\.vscode\extensions\redhat.java-1.15.0-win32-x64\jre\17.0.6-win32-x86_64\bin\msvcp140.dll
0x00007ffa47290000 - 0x00007ffa47ed7000 	c:\Users\LENOVO\.vscode\extensions\redhat.java-1.15.0-win32-x64\jre\17.0.6-win32-x86_64\bin\server\jvm.dll
0x00007ffaced90000 - 0x00007ffacee3e000 	C:\Windows\System32\ADVAPI32.dll
0x00007ffacea30000 - 0x00007ffaceacc000 	C:\Windows\System32\sechost.dll
0x00007ffacfc60000 - 0x00007ffacfd85000 	C:\Windows\System32\RPCRT4.dll
0x00007ffac2970000 - 0x00007ffac2997000 	C:\Windows\SYSTEM32\WINMM.dll
0x00007ffaa2e50000 - 0x00007ffaa2e59000 	C:\Windows\SYSTEM32\WSOCK32.dll
0x00007ffad0460000 - 0x00007ffad04cb000 	C:\Windows\System32\WS2_32.dll
0x00007ffac4d00000 - 0x00007ffac4d0a000 	C:\Windows\SYSTEM32\VERSION.dll
0x00007ffacc6d0000 - 0x00007ffacc6e2000 	C:\Windows\SYSTEM32\kernel.appcore.dll
0x00007ffaa3210000 - 0x00007ffaa321a000 	c:\Users\LENOVO\.vscode\extensions\redhat.java-1.15.0-win32-x64\jre\17.0.6-win32-x86_64\bin\jimage.dll
0x00007ffacbd10000 - 0x00007ffacbef4000 	C:\Windows\SYSTEM32\DBGHELP.DLL
0x00007ffab4f00000 - 0x00007ffab4f35000 	C:\Windows\SYSTEM32\dbgcore.DLL
0x00007fface660000 - 0x00007fface6e2000 	C:\Windows\System32\bcryptPrimitives.dll
0x00007ffaa31d0000 - 0x00007ffaa31f5000 	c:\Users\LENOVO\.vscode\extensions\redhat.java-1.15.0-win32-x64\jre\17.0.6-win32-x86_64\bin\java.dll
0x00007ffaa31b0000 - 0x00007ffaa31c8000 	c:\Users\LENOVO\.vscode\extensions\redhat.java-1.15.0-win32-x64\jre\17.0.6-win32-x86_64\bin\zip.dll
0x00007ffacef80000 - 0x00007ffacf6c4000 	C:\Windows\System32\SHELL32.dll
0x00007ffacbf20000 - 0x00007ffacc6b2000 	C:\Windows\SYSTEM32\windows.storage.dll
0x00007ffacf750000 - 0x00007ffacfaa5000 	C:\Windows\System32\combase.dll
0x00007ffacd920000 - 0x00007ffacd950000 	C:\Windows\SYSTEM32\Wldp.dll
0x00007ffacff40000 - 0x00007ffacffed000 	C:\Windows\System32\SHCORE.dll
0x00007ffacee40000 - 0x00007ffacee95000 	C:\Windows\System32\shlwapi.dll
0x00007ffacde00000 - 0x00007ffacde1f000 	C:\Windows\SYSTEM32\profapi.dll
0x00007ffaa3190000 - 0x00007ffaa31a9000 	C:\Users\LENOVO\.vscode\extensions\redhat.java-1.15.0-win32-x64\jre\17.0.6-win32-x86_64\bin\net.dll
0x00007ffac5f10000 - 0x00007ffac601c000 	C:\Windows\SYSTEM32\WINHTTP.dll
0x00007ffacd680000 - 0x00007ffacd6ea000 	C:\Windows\system32\mswsock.dll
0x00007ffaa3170000 - 0x00007ffaa3185000 	C:\Users\LENOVO\.vscode\extensions\redhat.java-1.15.0-win32-x64\jre\17.0.6-win32-x86_64\bin\nio.dll
0x00007ffacd880000 - 0x00007ffacd898000 	C:\Windows\SYSTEM32\CRYPTSP.dll
0x00007ffaccef0000 - 0x00007ffaccf24000 	C:\Windows\system32\rsaenh.dll
0x00007fface120000 - 0x00007fface147000 	C:\Windows\System32\bcrypt.dll
0x00007ffacdd80000 - 0x00007ffacddae000 	C:\Windows\SYSTEM32\USERENV.dll
0x00007ffacd870000 - 0x00007ffacd87c000 	C:\Windows\SYSTEM32\CRYPTBASE.dll
0x00007ffacd300000 - 0x00007ffacd33b000 	C:\Windows\SYSTEM32\IPHLPAPI.DLL
0x00007fface830000 - 0x00007fface838000 	C:\Windows\System32\NSI.dll
0x00007ffac4ea0000 - 0x00007ffac4eb7000 	C:\Windows\SYSTEM32\dhcpcsvc6.DLL
0x00007ffac4e80000 - 0x00007ffac4e9d000 	C:\Windows\SYSTEM32\dhcpcsvc.DLL
0x00007ffacd350000 - 0x00007ffacd41a000 	C:\Windows\SYSTEM32\DNSAPI.dll
0x00007ffabf8a0000 - 0x00007ffabf8a9000 	C:\Users\LENOVO\.vscode\extensions\redhat.java-1.15.0-win32-x64\jre\17.0.6-win32-x86_64\bin\management.dll
0x00007ffabf890000 - 0x00007ffabf89b000 	C:\Users\LENOVO\.vscode\extensions\redhat.java-1.15.0-win32-x64\jre\17.0.6-win32-x86_64\bin\management_ext.dll
0x00007ffacfe60000 - 0x00007ffacfe68000 	C:\Windows\System32\PSAPI.DLL
0x00007ffac4e50000 - 0x00007ffac4e5e000 	C:\Users\LENOVO\.vscode\extensions\redhat.java-1.15.0-win32-x64\jre\17.0.6-win32-x86_64\bin\sunmscapi.dll
0x00007ffacdec0000 - 0x00007fface016000 	C:\Windows\System32\CRYPT32.dll
0x00007ffacd990000 - 0x00007ffacd9b7000 	C:\Windows\SYSTEM32\ncrypt.dll
0x00007ffacd950000 - 0x00007ffacd98b000 	C:\Windows\SYSTEM32\NTASN1.dll
0x00007ffac62f0000 - 0x00007ffac62fa000 	C:\Windows\System32\rasadhlp.dll
0x00007ffac27a0000 - 0x00007ffac2820000 	C:\Windows\System32\fwpuclnt.dll
0x00007ffaa3160000 - 0x00007ffaa3170000 	c:\Users\LENOVO\.vscode\extensions\redhat.java-1.15.0-win32-x64\jre\17.0.6-win32-x86_64\bin\verify.dll
0x000000006c500000 - 0x000000006c5c7000 	C:\Users\LENOVO\AppData\Local\Temp\snappy-1.1.8-4cd0dd3d-1f5f-4ab6-bbef-34208a1313e6-snappyjava.dll

dbghelp: loaded successfully - version: 4.0.5 - missing functions: none
symbol engine: initialized successfully - sym options: 0x614 - pdb path: .;c:\Users\LENOVO\.vscode\extensions\redhat.java-1.15.0-win32-x64\jre\17.0.6-win32-x86_64\bin;C:\Windows\SYSTEM32;C:\Windows\WinSxS\amd64_microsoft.windows.common-controls_6595b64144ccf1df_6.0.19041.1110_none_60b5254171f9507e;c:\Users\LENOVO\.vscode\extensions\redhat.java-1.15.0-win32-x64\jre\17.0.6-win32-x86_64\bin\server;C:\Users\LENOVO\AppData\Local\Temp

VM Arguments:
jvm_args: -XX:+HeapDumpOnOutOfMemoryError -Xmx1024m -Dsts.lsp.client=vscode -Dsts.log.file=/dev/null -XX:TieredStopAtLevel=1 -Xlog:jni+resolve=off -Dspring.config.location=file:c:\Users\LENOVO\.vscode\extensions\vmware.vscode-spring-boot-1.46.0\language-server\BOOT-INF\classes\application.properties 
java_command: org.springframework.ide.vscode.boot.app.BootLanguageServerBootApp
java_class_path (initial): c:\Users\LENOVO\.vscode\extensions\vmware.vscode-spring-boot-1.46.0\language-server\BOOT-INF\classes;c:\Users\LENOVO\.vscode\extensions\vmware.vscode-spring-boot-1.46.0\language-server\BOOT-INF\lib\annotations-24.0.1.jar;c:\Users\LENOVO\.vscode\extensions\vmware.vscode-spring-boot-1.46.0\language-server\BOOT-INF\lib\antlr-runtime-3.5.3.jar;c:\Users\LENOVO\.vscode\extensions\vmware.vscode-spring-boot-1.46.0\language-server\BOOT-INF\lib\antlr4-4.11.1.jar;c:\Users\LENOVO\.vscode\extensions\vmware.vscode-spring-boot-1.46.0\language-server\BOOT-INF\lib\antlr4-runtime-4.11.1.jar;c:\Users\LENOVO\.vscode\extensions\vmware.vscode-spring-boot-1.46.0\language-server\BOOT-INF\lib\asm-9.5.jar;c:\Users\LENOVO\.vscode\extensions\vmware.vscode-spring-boot-1.46.0\language-server\BOOT-INF\lib\asm-analysis-9.5.jar;c:\Users\LENOVO\.vscode\extensions\vmware.vscode-spring-boot-1.46.0\language-server\BOOT-INF\lib\asm-tree-9.5.jar;c:\Users\LENOVO\.vscode\extensions\vmware.vscode-spring-boot-1.46.0\language-server\BOOT-INF\lib\asm-util-9.5.jar;c:\Users\LENOVO\.vscode\extensions\vmware.vscode-spring-boot-1.46.0\language-server\BOOT-INF\lib\caffeine-3.1.2.jar;c:\Users\LENOVO\.vscode\extensions\vmware.vscode-spring-boot-1.46.0\language-server\BOOT-INF\lib\checker-qual-3.12.0.jar;c:\Users\LENOVO\.vscode\extensions\vmware.vscode-spring-boot-1.46.0\language-server\BOOT-INF\lib\classgraph-4.8.149.jar;c:\Users\LENOVO\.vscode\extensions\vmware.vscode-spring-boot-1.46.0\language-server\BOOT-INF\lib\commons-codec-1.15.jar;c:\Users\LENOVO\.vscode\extensions\vmware.vscode-spring-boot-1.46.0\language-server\BOOT-INF\lib\commons-compress-1.23.0.jar;c:\Users\LENOVO\.vscode\extensions\vmware.vscode-spring-boot-1.46.0\language-server\BOOT-INF\lib\commons-io-2.4.jar;c:\Users\LENOVO\.vscode\extensions\vmware.vscode-spring-boot-1.46.0\language-server\BOOT-INF\lib\commons-java-1.46.0-SNAPSHOT.jar;c:\Users\LENOVO\.vscode\extensions\vmware.vscode-spring-boot-1.46.0\language-server\BOOT
Launcher Type: SUN_STANDARD

[Global flags]
     intx CICompilerCount                          = 4                                         {product} {ergonomic}
     uint ConcGCThreads                            = 3                                         {product} {ergonomic}
     uint G1ConcRefinementThreads                  = 10                                        {product} {ergonomic}
   size_t G1HeapRegionSize                         = 1048576                                   {product} {ergonomic}
    uintx GCDrainStackTargetSize                   = 64                                        {product} {ergonomic}
     bool HeapDumpOnOutOfMemoryError               = true                                   {manageable} {command line}
   size_t InitialHeapSize                          = 123731968                                 {product} {ergonomic}
   size_t MarkStackSize                            = 4194304                                   {product} {ergonomic}
   size_t MaxHeapSize                              = 1073741824                                {product} {command line}
   size_t MaxNewSize                               = 643825664                                 {product} {ergonomic}
   size_t MinHeapDeltaBytes                        = 1048576                                   {product} {ergonomic}
   size_t MinHeapSize                              = 8388608                                   {product} {ergonomic}
    uintx NonProfiledCodeHeapSize                  = 0                                      {pd product} {ergonomic}
     bool ProfileInterpreter                       = false                                  {pd product} {command line}
    uintx ProfiledCodeHeapSize                     = 0                                      {pd product} {ergonomic}
   size_t SoftMaxHeapSize                          = 1073741824                             {manageable} {ergonomic}
     intx TieredStopAtLevel                        = 1                                         {product} {command line}
     bool UseCompressedClassPointers               = true                           {product lp64_product} {ergonomic}
     bool UseCompressedOops                        = true                           {product lp64_product} {ergonomic}
     bool UseG1GC                                  = true                                      {product} {ergonomic}
     bool UseLargePagesIndividualAllocation        = false                                  {pd product} {ergonomic}

Logging:
Log output configuration:
 #0: stdout all=warning,jni+resolve=off uptime,level,tags
 #1: stderr all=off uptime,level,tags

Environment Variables:
JAVA_HOME=C:\Program Files\Java\jdk1.8.0_221
PATH=C:\Program Files (x86)\Common Files\Oracle\Java\javapath;C:\Windows\system32;C:\Windows;C:\Windows\System32\Wbem;C:\Windows\System32\WindowsPowerShell\v1.0\;C:\Windows\System32\OpenSSH\;C:\Program Files (x86)\NVIDIA Corporation\PhysX\Common;C:\Program Files\NVIDIA Corporation\NVIDIA NvDLISR;C:\dart-sdk\bin;C:\flutter\bin;C:\Program Files\Git\cmd;C:\msys64\mingw64\bin;C:\Program Files\Java\jdk1.8.0_221\bin;C:\apache-maven-3.9.1\bin;C:\Program Files\nodejs;C:\ProgramData\chocolatey\bin;C:\Program Files (x86)\Microsoft SQL Server\160\Tools\Binn\;C:\Program Files\Microsoft SQL Server\160\Tools\Binn\;C:\Program Files\Microsoft SQL Server\Client SDK\ODBC\170\Tools\Binn\;C:\Program Files\Microsoft SQL Server\160\DTS\Binn\;C:\Program Files (x86)\Microsoft SQL Server\160\DTS\Binn\;C:\Program Files\Azure Data Studio\bin;C:\MinGW\bin;;C:\Program Files\Docker\Docker\resources\bin;C:\Users\LENOVO\AppData\Local\Microsoft\WindowsApps;C:\Users\LENOVO\AppData\Local\Programs\Microsoft VS Code\bin;dartsdk-windows-x64-release.zip\dart-sdk\bin;dartsdk-windows-x64-release.zip\dart-sdk;flutter_windows_3.0.5-stable.zip\flutter\bin;flutter_windows_3.0.5-stable.zip\flutter;C:\Users\LENOVO\AppData\Roaming\npm;C:\Program Files\Azure Data Studio\bin
USERNAME=LENOVO
OS=Windows_NT
PROCESSOR_IDENTIFIER=AMD64 Family 23 Model 96 Stepping 1, AuthenticAMD
TMP=C:\Users\LENOVO\AppData\Local\Temp
TEMP=C:\Users\LENOVO\AppData\Local\Temp



---------------  S Y S T E M  ---------------

OS:
 Windows 10 , 64 bit Build 19041 (10.0.19041.2364)
OS uptime: 0 days 9:25 hours
Hyper-V role detected

CPU: total 12 (initial active 12) (12 cores per cpu, 2 threads per core) family 23 model 96 stepping 1 microcode 0x0, cx8, cmov, fxsr, ht, mmx, 3dnowpref, sse, sse2, sse3, ssse3, sse4a, sse4.1, sse4.2, popcnt, lzcnt, tsc, tscinvbit, avx, avx2, aes, clmul, bmi1, bmi2, adx, sha, fma, vzeroupper, clflush, clflushopt, hv

Memory: 4k page, system-wide physical 7549M (373M free)
TotalPageFile size 22673M (AvailPageFile size 3M)
current process WorkingSet (physical memory assigned to process): 82M, peak: 1011M
current process commit charge ("private bytes"): 347M, peak: 1207M

vm_info: OpenJDK 64-Bit Server VM (17.0.6+10) for windows-amd64 JRE (17.0.6+10), built on Jan 18 2023 10:08:59 by "temurin" with MS VC++ 16.7 (VS2019)

END.
